#
# A fatal error has been detected by the Java Runtime Environment:
#
#  SIGSEGV (0xb) at pc=0x00007f982440465b, pid=10761, tid=10786
#
# JRE version: OpenJDK Runtime Environment (11.0.24+8) (build 11.0.24+8-post-Ubuntu-1ubuntu320.04)
# Java VM: OpenJDK 64-Bit Server VM (11.0.24+8-post-Ubuntu-1ubuntu320.04, mixed mode, sharing, tiered, compressed oops, g1 gc, linux-amd64)
# Problematic frame:
# J 3430 c2 org.apache.maven.model.interpolation.StringVisitorModelInterpolator$1.interpolate(Ljava/lang/String;)Ljava/lang/String; (97 bytes) @ 0x00007f982440465b [0x00007f98244045e0+0x000000000000007b]
#
# Core dump will be written. Default location: Core dumps may be processed with "/usr/share/apport/apport -p%p -s%s -c%c -d%d -P%P -u%u -g%g -- %E" (or dumping to /home/gabo/workspace/security-techniques-in-software-sevelopment/jazzer-example/DivisionExample/core.10761)
#
# If you would like to submit a bug report, please visit:
#   https://bugs.launchpad.net/ubuntu/+source/openjdk-lts
#

---------------  S U M M A R Y ------------

Command Line: -Dclassworlds.conf=/usr/share/maven/bin/m2.conf -Dmaven.home=/usr/share/maven -Dlibrary.jansi.path=/usr/share/maven/lib/jansi-native -Dmaven.multiModuleProjectDirectory=/home/gabo/workspace/security-techniques-in-software-sevelopment/jazzer-example/DivisionExample org.codehaus.plexus.classworlds.launcher.Launcher clean test

Host: Intel(R) Core(TM) i5-2520M CPU @ 2.50GHz, 4 cores, 3G, Ubuntu 20.04.6 LTS
Time: Mon Oct  7 12:19:03 2024 CEST elapsed time: 8.543893 seconds (0d 0h 0m 8s)

---------------  T H R E A D  ---------------

Current thread (0x00007f9834016800):  JavaThread "main" [_thread_in_Java, id=10786, stack(0x00007f983ac2b000,0x00007f983ad2c000)]

Stack: [0x00007f983ac2b000,0x00007f983ad2c000],  sp=0x00007f983ad28360,  free space=1012k
Native frames: (J=compiled Java code, A=aot compiled Java code, j=interpreted, Vv=VM code, C=native code)
J 3430 c2 org.apache.maven.model.interpolation.StringVisitorModelInterpolator$1.interpolate(Ljava/lang/String;)Ljava/lang/String; (97 bytes) @ 0x00007f982440465b [0x00007f98244045e0+0x000000000000007b]
J 3515 c2 org.apache.maven.model.interpolation.StringVisitorModelInterpolator$ModelVisitor.interpolate(Ljava/lang/String;)Ljava/lang/String; (11 bytes) @ 0x00007f9824410c98 [0x00007f9824410c40+0x0000000000000058]
j  org.apache.maven.model.interpolation.StringVisitorModelInterpolator$ModelVisitor.visit(Lorg/apache/maven/model/Parent;)V+53
j  org.apache.maven.model.interpolation.StringVisitorModelInterpolator$ModelVisitor.visit(Lorg/apache/maven/model/Model;)V+35
j  org.apache.maven.model.interpolation.StringVisitorModelInterpolator.interpolateModel(Lorg/apache/maven/model/Model;Ljava/io/File;Lorg/apache/maven/model/building/ModelBuildingRequest;Lorg/apache/maven/model/building/ModelProblemCollector;)Lorg/apache/maven/model/Model;+42
j  org.apache.maven.model.building.DefaultModelBuilder.interpolateModel(Lorg/apache/maven/model/Model;Lorg/apache/maven/model/building/ModelBuildingRequest;Lorg/apache/maven/model/building/ModelProblemCollector;)Lorg/apache/maven/model/Model;+19
j  org.apache.maven.model.building.DefaultModelBuilder.build(Lorg/apache/maven/model/building/ModelBuildingRequest;)Lorg/apache/maven/model/building/ModelBuildingResult;+808
j  org.apache.maven.repository.internal.DefaultArtifactDescriptorReader.loadPom(Lorg/eclipse/aether/RepositorySystemSession;Lorg/eclipse/aether/resolution/ArtifactDescriptorRequest;Lorg/eclipse/aether/resolution/ArtifactDescriptorResult;)Lorg/apache/maven/model/Model;+626
j  org.apache.maven.repository.internal.DefaultArtifactDescriptorReader.readArtifactDescriptor(Lorg/eclipse/aether/RepositorySystemSession;Lorg/eclipse/aether/resolution/ArtifactDescriptorRequest;)Lorg/eclipse/aether/resolution/ArtifactDescriptorResult;+13
j  org.eclipse.aether.internal.impl.collect.DefaultDependencyCollector.resolveCachedArtifactDescriptor(Lorg/eclipse/aether/internal/impl/collect/DataPool;Lorg/eclipse/aether/resolution/ArtifactDescriptorRequest;Lorg/eclipse/aether/RepositorySystemSession;Lorg/eclipse/aether/graph/Dependency;Lorg/eclipse/aether/internal/impl/collect/DefaultDependencyCollector$Results;Lorg/eclipse/aether/internal/impl/collect/DefaultDependencyCollector$Args;)Lorg/eclipse/aether/resolution/ArtifactDescriptorResult;+27
j  org.eclipse.aether.internal.impl.collect.DefaultDependencyCollector.getArtifactDescriptorResult(Lorg/eclipse/aether/internal/impl/collect/DefaultDependencyCollector$Args;Lorg/eclipse/aether/internal/impl/collect/DefaultDependencyCollector$Results;ZLorg/eclipse/aether/graph/Dependency;Lorg/eclipse/aether/resolution/ArtifactDescriptorRequest;)Lorg/eclipse/aether/resolution/ArtifactDescriptorResult;+31
j  org.eclipse.aether.internal.impl.collect.DefaultDependencyCollector.processDependency(Lorg/eclipse/aether/internal/impl/collect/DefaultDependencyCollector$Args;Lorg/eclipse/aether/internal/impl/collect/DefaultDependencyCollector$Results;Ljava/util/List;Lorg/eclipse/aether/collection/DependencySelector;Lorg/eclipse/aether/collection/DependencyManager;Lorg/eclipse/aether/collection/DependencyTraverser;Lorg/eclipse/aether/collection/VersionFilter;Lorg/eclipse/aether/graph/Dependency;Ljava/util/List;Z)V+214
j  org.eclipse.aether.internal.impl.collect.DefaultDependencyCollector.processDependency(Lorg/eclipse/aether/internal/impl/collect/DefaultDependencyCollector$Args;Lorg/eclipse/aether/internal/impl/collect/DefaultDependencyCollector$Results;Ljava/util/List;Lorg/eclipse/aether/collection/DependencySelector;Lorg/eclipse/aether/collection/DependencyManager;Lorg/eclipse/aether/collection/DependencyTraverser;Lorg/eclipse/aether/collection/VersionFilter;Lorg/eclipse/aether/graph/Dependency;)V+26
j  org.eclipse.aether.internal.impl.collect.DefaultDependencyCollector.process(Lorg/eclipse/aether/internal/impl/collect/DefaultDependencyCollector$Args;Lorg/eclipse/aether/internal/impl/collect/DefaultDependencyCollector$Results;Ljava/util/List;Ljava/util/List;Lorg/eclipse/aether/collection/DependencySelector;Lorg/eclipse/aether/collection/DependencyManager;Lorg/eclipse/aether/collection/DependencyTraverser;Lorg/eclipse/aether/collection/VersionFilter;)V+45
j  org.eclipse.aether.internal.impl.collect.DefaultDependencyCollector.doRecurse(Lorg/eclipse/aether/internal/impl/collect/DefaultDependencyCollector$Args;Lorg/eclipse/aether/internal/impl/collect/DefaultDependencyCollector$Results;Ljava/util/List;Lorg/eclipse/aether/collection/DependencySelector;Lorg/eclipse/aether/collection/DependencyManager;Lorg/eclipse/aether/collection/DependencyTraverser;Lorg/eclipse/aether/collection/VersionFilter;Lorg/eclipse/aether/graph/Dependency;Lorg/eclipse/aether/resolution/ArtifactDescriptorResult;Lorg/eclipse/aether/graph/DefaultDependencyNode;)V+212
j  org.eclipse.aether.internal.impl.collect.DefaultDependencyCollector.processDependency(Lorg/eclipse/aether/internal/impl/collect/DefaultDependencyCollector$Args;Lorg/eclipse/aether/internal/impl/collect/DefaultDependencyCollector$Results;Ljava/util/List;Lorg/eclipse/aether/collection/DependencySelector;Lorg/eclipse/aether/collection/DependencyManager;Lorg/eclipse/aether/collection/DependencyTraverser;Lorg/eclipse/aether/collection/VersionFilter;Lorg/eclipse/aether/graph/Dependency;Ljava/util/List;Z)V+556
j  org.eclipse.aether.internal.impl.collect.DefaultDependencyCollector.processDependency(Lorg/eclipse/aether/internal/impl/collect/DefaultDependencyCollector$Args;Lorg/eclipse/aether/internal/impl/collect/DefaultDependencyCollector$Results;Ljava/util/List;Lorg/eclipse/aether/collection/DependencySelector;Lorg/eclipse/aether/collection/DependencyManager;Lorg/eclipse/aether/collection/DependencyTraverser;Lorg/eclipse/aether/collection/VersionFilter;Lorg/eclipse/aether/graph/Dependency;)V+26
j  org.eclipse.aether.internal.impl.collect.DefaultDependencyCollector.process(Lorg/eclipse/aether/internal/impl/collect/DefaultDependencyCollector$Args;Lorg/eclipse/aether/internal/impl/collect/DefaultDependencyCollector$Results;Ljava/util/List;Ljava/util/List;Lorg/eclipse/aether/collection/DependencySelector;Lorg/eclipse/aether/collection/DependencyManager;Lorg/eclipse/aether/collection/DependencyTraverser;Lorg/eclipse/aether/collection/VersionFilter;)V+45
j  org.eclipse.aether.internal.impl.collect.DefaultDependencyCollector.doRecurse(Lorg/eclipse/aether/internal/impl/collect/DefaultDependencyCollector$Args;Lorg/eclipse/aether/internal/impl/collect/DefaultDependencyCollector$Results;Ljava/util/List;Lorg/eclipse/aether/collection/DependencySelector;Lorg/eclipse/aether/collection/DependencyManager;Lorg/eclipse/aether/collection/DependencyTraverser;Lorg/eclipse/aether/collection/VersionFilter;Lorg/eclipse/aether/graph/Dependency;Lorg/eclipse/aether/resolution/ArtifactDescriptorResult;Lorg/eclipse/aether/graph/DefaultDependencyNode;)V+212
j  org.eclipse.aether.internal.impl.collect.DefaultDependencyCollector.processDependency(Lorg/eclipse/aether/internal/impl/collect/DefaultDependencyCollector$Args;Lorg/eclipse/aether/internal/impl/collect/DefaultDependencyCollector$Results;Ljava/util/List;Lorg/eclipse/aether/collection/DependencySelector;Lorg/eclipse/aether/collection/DependencyManager;Lorg/eclipse/aether/collection/DependencyTraverser;Lorg/eclipse/aether/collection/VersionFilter;Lorg/eclipse/aether/graph/Dependency;Ljava/util/List;Z)V+556
j  org.eclipse.aether.internal.impl.collect.DefaultDependencyCollector.processDependency(Lorg/eclipse/aether/internal/impl/collect/DefaultDependencyCollector$Args;Lorg/eclipse/aether/internal/impl/collect/DefaultDependencyCollector$Results;Ljava/util/List;Lorg/eclipse/aether/collection/DependencySelector;Lorg/eclipse/aether/collection/DependencyManager;Lorg/eclipse/aether/collection/DependencyTraverser;Lorg/eclipse/aether/collection/VersionFilter;Lorg/eclipse/aether/graph/Dependency;)V+26
j  org.eclipse.aether.internal.impl.collect.DefaultDependencyCollector.process(Lorg/eclipse/aether/internal/impl/collect/DefaultDependencyCollector$Args;Lorg/eclipse/aether/internal/impl/collect/DefaultDependencyCollector$Results;Ljava/util/List;Ljava/util/List;Lorg/eclipse/aether/collection/DependencySelector;Lorg/eclipse/aether/collection/DependencyManager;Lorg/eclipse/aether/collection/DependencyTraverser;Lorg/eclipse/aether/collection/VersionFilter;)V+45
j  org.eclipse.aether.internal.impl.collect.DefaultDependencyCollector.collectDependencies(Lorg/eclipse/aether/RepositorySystemSession;Lorg/eclipse/aether/collection/CollectRequest;)Lorg/eclipse/aether/collection/CollectResult;+752
j  org.eclipse.aether.internal.impl.DefaultRepositorySystem.collectDependencies(Lorg/eclipse/aether/RepositorySystemSession;Lorg/eclipse/aether/collection/CollectRequest;)Lorg/eclipse/aether/collection/CollectResult;+11
j  org.apache.maven.plugin.internal.DefaultPluginDependenciesResolver.resolveInternal(Lorg/apache/maven/model/Plugin;Lorg/eclipse/aether/artifact/Artifact;Lorg/eclipse/aether/graph/DependencyFilter;Lorg/eclipse/aether/collection/DependencyGraphTransformer;Ljava/util/List;Lorg/eclipse/aether/RepositorySystemSession;)Lorg/eclipse/aether/graph/DependencyNode;+272
j  org.apache.maven.plugin.internal.DefaultPluginDependenciesResolver.resolve(Lorg/apache/maven/model/Plugin;Lorg/eclipse/aether/artifact/Artifact;Lorg/eclipse/aether/graph/DependencyFilter;Ljava/util/List;Lorg/eclipse/aether/RepositorySystemSession;)Lorg/eclipse/aether/graph/DependencyNode;+15
j  org.apache.maven.plugin.internal.DefaultMavenPluginManager.createPluginRealm(Lorg/apache/maven/plugin/descriptor/PluginDescriptor;Lorg/apache/maven/execution/MavenSession;Ljava/lang/ClassLoader;Ljava/util/Map;Lorg/eclipse/aether/graph/DependencyFilter;)V+76
j  org.apache.maven.plugin.internal.DefaultMavenPluginManager.setupPluginRealm(Lorg/apache/maven/plugin/descriptor/PluginDescriptor;Lorg/apache/maven/execution/MavenSession;Ljava/lang/ClassLoader;Ljava/util/List;Lorg/eclipse/aether/graph/DependencyFilter;)V+263
j  org.apache.maven.plugin.DefaultBuildPluginManager.getPluginRealm(Lorg/apache/maven/execution/MavenSession;Lorg/apache/maven/plugin/descriptor/PluginDescriptor;)Lorg/codehaus/plexus/classworlds/realm/ClassRealm;+20
j  org.apache.maven.plugin.DefaultBuildPluginManager.executeMojo(Lorg/apache/maven/execution/MavenSession;Lorg/apache/maven/plugin/MojoExecution;)V+21
j  org.apache.maven.lifecycle.internal.MojoExecutor.execute(Lorg/apache/maven/execution/MavenSession;Lorg/apache/maven/plugin/MojoExecution;Lorg/apache/maven/lifecycle/internal/ProjectIndex;Lorg/apache/maven/lifecycle/internal/DependencyContext;)V+215
j  org.apache.maven.lifecycle.internal.MojoExecutor.execute(Lorg/apache/maven/execution/MavenSession;Lorg/apache/maven/plugin/MojoExecution;Lorg/apache/maven/lifecycle/internal/ProjectIndex;Lorg/apache/maven/lifecycle/internal/DependencyContext;Lorg/apache/maven/lifecycle/internal/PhaseRecorder;)V+6
j  org.apache.maven.lifecycle.internal.MojoExecutor.execute(Lorg/apache/maven/execution/MavenSession;Ljava/util/List;Lorg/apache/maven/lifecycle/internal/ProjectIndex;)V+60
j  org.apache.maven.lifecycle.internal.LifecycleModuleBuilder.buildProject(Lorg/apache/maven/execution/MavenSession;Lorg/apache/maven/execution/MavenSession;Lorg/apache/maven/lifecycle/internal/ReactorContext;Lorg/apache/maven/project/MavenProject;Lorg/apache/maven/lifecycle/internal/TaskSegment;)V+179
j  org.apache.maven.lifecycle.internal.LifecycleModuleBuilder.buildProject(Lorg/apache/maven/execution/MavenSession;Lorg/apache/maven/lifecycle/internal/ReactorContext;Lorg/apache/maven/project/MavenProject;Lorg/apache/maven/lifecycle/internal/TaskSegment;)V+7
j  org.apache.maven.lifecycle.internal.builder.singlethreaded.SingleThreadedBuilder.build(Lorg/apache/maven/execution/MavenSession;Lorg/apache/maven/lifecycle/internal/ReactorContext;Lorg/apache/maven/lifecycle/internal/ProjectBuildList;Ljava/util/List;Lorg/apache/maven/lifecycle/internal/ReactorBuildStatus;)V+77
j  org.apache.maven.lifecycle.internal.LifecycleStarter.execute(Lorg/apache/maven/execution/MavenSession;)V+348
j  org.apache.maven.DefaultMaven.doExecute(Lorg/apache/maven/execution/MavenExecutionRequest;Lorg/apache/maven/execution/MavenSession;Lorg/apache/maven/execution/MavenExecutionResult;Lorg/eclipse/aether/DefaultRepositorySystemSession;)Lorg/apache/maven/execution/MavenExecutionResult;+425
j  org.apache.maven.DefaultMaven.doExecute(Lorg/apache/maven/execution/MavenExecutionRequest;)Lorg/apache/maven/execution/MavenExecutionResult;+98
j  org.apache.maven.DefaultMaven.execute(Lorg/apache/maven/execution/MavenExecutionRequest;)Lorg/apache/maven/execution/MavenExecutionResult;+2
j  org.apache.maven.cli.MavenCli.execute(Lorg/apache/maven/cli/CliRequest;)I+27
j  org.apache.maven.cli.MavenCli.doMain(Lorg/apache/maven/cli/CliRequest;)I+66
j  org.apache.maven.cli.MavenCli.main([Ljava/lang/String;Lorg/codehaus/plexus/classworlds/ClassWorld;)I+24
v  ~StubRoutines::call_stub
V  [libjvm.so+0x871aa3]  JavaCalls::call_helper(JavaValue*, methodHandle const&, JavaCallArguments*, Thread*)+0x373
V  [libjvm.so+0xc88e07]  invoke(InstanceKlass*, methodHandle const&, Handle, bool, objArrayHandle, BasicType, objArrayHandle, bool, Thread*) [clone .constprop.0]+0x4b7
V  [libjvm.so+0xc89da5]  Reflection::invoke_method(oopDesc*, Handle, objArrayHandle, Thread*)+0x155
V  [libjvm.so+0x929c74]  JVM_InvokeMethod+0x224
j  jdk.internal.reflect.NativeMethodAccessorImpl.invoke0(Ljava/lang/reflect/Method;Ljava/lang/Object;[Ljava/lang/Object;)Ljava/lang/Object;+0 java.base@11.0.24
j  jdk.internal.reflect.NativeMethodAccessorImpl.invoke(Ljava/lang/Object;[Ljava/lang/Object;)Ljava/lang/Object;+100 java.base@11.0.24
j  jdk.internal.reflect.DelegatingMethodAccessorImpl.invoke(Ljava/lang/Object;[Ljava/lang/Object;)Ljava/lang/Object;+6 java.base@11.0.24
j  java.lang.reflect.Method.invoke(Ljava/lang/Object;[Ljava/lang/Object;)Ljava/lang/Object;+59 java.base@11.0.24
j  org.codehaus.plexus.classworlds.launcher.Launcher.launchEnhanced([Ljava/lang/String;)V+45
j  org.codehaus.plexus.classworlds.launcher.Launcher.launch([Ljava/lang/String;)V+2
j  org.codehaus.plexus.classworlds.launcher.Launcher.mainWithExitCode([Ljava/lang/String;)I+101
j  org.codehaus.plexus.classworlds.launcher.Launcher.main([Ljava/lang/String;)V+1
v  ~StubRoutines::call_stub
V  [libjvm.so+0x871aa3]  JavaCalls::call_helper(JavaValue*, methodHandle const&, JavaCallArguments*, Thread*)+0x373
V  [libjvm.so+0x8f2d1e]  jni_invoke_static(JNIEnv_*, JavaValue*, _jobject*, JNICallType, _jmethodID*, JNI_ArgumentPusher*, Thread*) [clone .constprop.1]+0x26e
V  [libjvm.so+0x8f5400]  jni_CallStaticVoidMethod+0x160
C  [libjli.so+0x5a63]  JavaMain+0xd33
C  [libjli.so+0x9b8d]  ThreadJavaMain+0xd


siginfo: si_signo: 11 (SIGSEGV), si_code: 1 (SEGV_MAPERR), si_addr: 0x000000000000000c

Register to memory mapping:

RAX={method} {0x00007f97d7fb0be0} 'interpolate' '(Ljava/lang/String;)Ljava/lang/String;' in 'org/apache/maven/model/interpolation/StringVisitorModelInterpolator$ModelVisitor'
RBX=0x00000000ffffffff is an unallocated location in the heap
RCX=0x00000000c9411a20 is an oop: org.apache.maven.model.interpolation.StringVisitorModelInterpolator$ModelVisitor 
{0x00000000c9411a20} - klass: 'org/apache/maven/model/interpolation/StringVisitorModelInterpolator$ModelVisitor'
 - ---- fields (total size 2 words):
 - private final 'interpolator' 'Lorg/apache/maven/model/interpolation/StringVisitorModelInterpolator$InnerInterpolator;' @12  a 'org/apache/maven/model/interpolation/StringVisitorModelInterpolator$1'{0x00000000c9411a00} (c9411a00)
RDX=0x00000000c957ef30 is pointing into object: org.codehaus.plexus.util.xml.Xpp3Dom 
{0x00000000c957ef10} - klass: 'org/codehaus/plexus/util/xml/Xpp3Dom'
 - ---- fields (total size 5 words):
 - protected 'name' 'Ljava/lang/String;' @12  "title"{0x00000000c9578540} (c9578540)
 - protected 'value' 'Ljava/lang/String;' @16  "Apache log4j"{0x00000000c9578658} (c9578658)
 - protected strict 'attributes' 'Ljava/util/Map;' @20  NULL (0)
 - protected final strict 'childList' 'Ljava/util/List;' @24  a 'java/util/ArrayList'{0x00000000c957ef38} (c957ef38)
 - protected 'parent' 'Lorg/codehaus/plexus/util/xml/Xpp3Dom;' @28  a 'org/codehaus/plexus/util/xml/Xpp3Dom'{0x00000000c957eeb8} (c957eeb8)
 - protected 'inputLocation' 'Ljava/lang/Object;' @32  NULL (0)
RSP=0x00007f983ad28360 is pointing into the stack for thread: 0x00007f9834016800
RBP=0x00007f983ad28488 is pointing into the stack for thread: 0x00007f9834016800
RSI=0x00000000c4db8848 points into unknown readable memory: 0x0000000000007b24 | 24 7b 00 00 00 00 00 00
RDI=
[error occurred during error reporting (printing register info), id 0xb, SIGSEGV (0xb) at pc=0x00007f983b8981c2]

Registers:
RAX=0x00007f97d7fb0be0, RBX=0x00000000ffffffff, RCX=0x00000000c9411a20, RDX=0x00000000c957ef30
RSP=0x00007f983ad28360, RBP=0x00007f983ad28488, RSI=0x00000000c4db8848, RDI=0x00000000c95feed0
R8 =0x0000000008033d53, R9 =0x0000000000000000, R10=0x00000000c9411a00, R11=0x0000000000000000
R12=0x0000000000000000, R13=0x00000000c957ef30, R14=0x00007f983ad284b0, R15=0x00007f9834016800
RIP=0x00007f982440465b, EFLAGS=0x0000000000010246, CSGSFS=0x002b000000000033, ERR=0x0000000000000004
  TRAPNO=0x000000000000000e

Top of Stack: (sp=0x00007f983ad28360)
0x00007f983ad28360:   00007f97d7fb0748 0000000000000000
0x00007f983ad28370:   00007f983ad283a8 00007f983ad28400
0x00007f983ad28380:   00007f981c7d9273 00000000c9405c80
0x00007f983ad28390:   00007f983ad28400 00007f981c7d8a55 

Instructions: (pc=0x00007f982440465b)
0x00007f982440455b:   64 84 64 28 64 28 64 18 64 20 64 24 64 10 64 10
0x00007f982440456b:   64 24 64 60 64 20 64 a0 64 30 64 30 64 30 64 58
0x00007f982440457b:   64 38 64 24 64 24 64 2c 64 14 64 14 64 14 64 14
0x00007f982440458b:   64 10 64 0c 64 30 c0 1a 64 1e 64 21 00 01 f8 69
0x00007f982440459b:   fa 00 50 00 c0 0a 64 01 f8 b5 f5 05 50 00 c0 0a
0x00007f98244045ab:   64 01 f8 81 f3 05 50 00 c0 0a 64 01 f8 79 f2 05
0x00007f98244045bb:   50 00 c0 0a 64 01 f8 5d ee 05 50 00 c0 0a 64 05
0x00007f98244045cb:   64 0f 64 00 00 00 00 00 00 00 00 00 00 00 00 00
0x00007f98244045db:   00 00 00 00 00 44 8b 56 08 49 c1 e2 03 49 bc 00
0x00007f98244045eb:   00 00 00 08 00 00 00 4d 03 d4 4d 33 e4 49 3b c2
0x00007f98244045fb:   0f 85 7f 5a 41 f8 66 66 90 0f 1f 84 00 00 00 00
0x00007f982440460b:   00 66 66 66 90 89 84 24 00 c0 fe ff 55 48 81 ec
0x00007f982440461b:   80 00 00 00 4c 8b d6 4c 8b ea 48 85 d2 75 07 33
0x00007f982440462b:   c0 e9 c4 00 00 00 44 0f be 5a 14 c4 c1 79 6e d3
0x00007f982440463b:   44 8b 4a 0c bb ff ff ff ff 48 be 38 88 db c4 00
0x00007f982440464b:   00 00 00 48 83 c6 10 45 85 db 0f 85 17 0c 00 00
0x00007f982440465b:   41 8b 51 0c 83 fa 02 0f 8c 86 00 00 00 4d 8b d9
0x00007f982440466b:   49 8d 79 10 48 8b cc 0f b7 1e c5 f9 6e c3 83 fa
0x00007f982440467b:   10 73 27 8b df 81 e3 ff 0f 00 00 81 fb f0 0f 00
0x00007f982440468b:   00 76 17 48 83 ec 10 8b c2 0f b6 5c 07 ff 88 5c
0x00007f982440469b:   04 ff 48 ff c8 75 f2 48 8b fc b8 02 00 00 00 51
0x00007f98244046ab:   48 8b df c4 e3 79 61 03 0c 72 1e 83 ea 10 7e 1f
0x00007f98244046bb:   3b d0 78 1b 48 83 c3 10 83 fa 10 7d e6 48 8d 5c
0x00007f98244046cb:   13 f0 ba 10 00 00 00 eb da 2b d1 3b d0 7d 07 bb
0x00007f98244046db:   ff ff ff ff eb 0c 48 8d 1c 0b 83 f9 0e 7f d9 48
0x00007f98244046eb:   2b df 5c 85 db 7d 16 49 8b c5 48 81 c4 80 00 00
0x00007f98244046fb:   00 5d 4d 8b 97 08 01 00 00 41 85 02 c3 c4 c1 f9
0x00007f982440470b:   6e c2 41 8b 6a 0c 44 8b 5d 08 41 81 fb 69 21 06
0x00007f982440471b:   00 0f 85 16 13 00 00 41 8b 55 10 48 8b cd 85 d2
0x00007f982440472b:   74 0e 45 33 c0 41 bb 01 00 00 00 e9 28 01 00 00
0x00007f982440473b:   41 8b 79 0c 85 ff 0f 86 bc 0f 00 00 4d 8b f1 c4
0x00007f982440474b:   c1 79 7e d3 45 85 db 0f 85 bc 0b 00 00 44 8b d7 


Stack slot to memory mapping:
stack at sp + 0 slots: {method} {0x00007f97d7fb0748} 'visit' '(Lorg/apache/maven/model/ReportPlugin;)V' in 'org/apache/maven/model/interpolation/StringVisitorModelInterpolator$ModelVisitor'
stack at sp + 1 slots: 0x0 is NULL
stack at sp + 2 slots: 0x00007f983ad283a8 is pointing into the stack for thread: 0x00007f9834016800
stack at sp + 3 slots: 0x00007f983ad28400 is pointing into the stack for thread: 0x00007f9834016800
stack at sp + 4 slots: 0x00007f981c7d9273 is at code_begin+2355 in an Interpreter codelet
invoke return entry points  [0x00007f981c7d8940, 0x00007f981c7d9360]  2592 bytes
stack at sp + 5 slots: 0x00000000c9405c80 is an oop: org.apache.maven.model.ReportSet 
{0x00000000c9405c80} - klass: 'org/apache/maven/model/ReportSet'
 - ---- fields (total size 6 words):
 - private 'inheritanceApplied' 'Z' @12  true
 - private 'inherited' 'Ljava/lang/String;' @16  NULL (0)
 - private 'configuration' 'Ljava/lang/Object;' @20  NULL (0)
 - private strict 'locations' 'Ljava/util/Map;' @24  NULL (0)
 - private 'location' 'Lorg/apache/maven/model/InputLocation;' @28  NULL (0)
 - private 'inheritedLocation' 'Lorg/apache/maven/model/InputLocation;' @32  NULL (0)
 - private 'configurationLocation' 'Lorg/apache/maven/model/InputLocation;' @36  NULL (0)
 - private 'id' 'Ljava/lang/String;' @40  "default"{0x00000000fff59398} (fff59398)
 - private strict 'reports' 'Ljava/util/List;' @44  a 'java/util/ArrayList'{0x00000000c9405cb0} (c9405cb0)
stack at sp + 6 slots: 0x00007f983ad28400 is pointing into the stack for thread: 0x00007f9834016800
stack at sp + 7 slots: 0x00007f981c7d8a55 is at code_begin+277 in an Interpreter codelet
invoke return entry points  [0x00007f981c7d8940, 0x00007f981c7d9360]  2592 bytes



---------------  P R O C E S S  ---------------

Threads class SMR info:
_java_thread_list=0x00007f97c0002780, length=9, elements={
0x00007f9834016800, 0x00007f98340bd000, 0x00007f98340bf800, 0x00007f98340c5000,
0x00007f98340c7000, 0x00007f98340c9000, 0x00007f98340cb000, 0x00007f98340cd000,
0x00007f9834120800
}

Java Threads: ( => current thread )
=>0x00007f9834016800 JavaThread "main" [_thread_in_Java, id=10786, stack(0x00007f983ac2b000,0x00007f983ad2c000)]
  0x00007f98340bd000 JavaThread "Reference Handler" daemon [_thread_blocked, id=10793, stack(0x00007f980d57d000,0x00007f980d67e000)]
  0x00007f98340bf800 JavaThread "Finalizer" daemon [_thread_blocked, id=10794, stack(0x00007f980d47c000,0x00007f980d57d000)]
  0x00007f98340c5000 JavaThread "Signal Dispatcher" daemon [_thread_blocked, id=10795, stack(0x00007f980cb7d000,0x00007f980cc7e000)]
  0x00007f98340c7000 JavaThread "Service Thread" daemon [_thread_blocked, id=10796, stack(0x00007f980ca7c000,0x00007f980cb7d000)]
  0x00007f98340c9000 JavaThread "C2 CompilerThread0" daemon [_thread_in_native, id=10797, stack(0x00007f980c97b000,0x00007f980ca7c000)]
  0x00007f98340cb000 JavaThread "C1 CompilerThread0" daemon [_thread_blocked, id=10798, stack(0x00007f980c87a000,0x00007f980c97b000)]
  0x00007f98340cd000 JavaThread "Sweeper thread" daemon [_thread_blocked, id=10799, stack(0x00007f980c779000,0x00007f980c87a000)]
  0x00007f9834120800 JavaThread "Common-Cleaner" daemon [_thread_blocked, id=10801, stack(0x00007f980c577000,0x00007f980c678000)]

Other Threads:
  0x00007f98340ba800 VMThread "VM Thread" [stack: 0x00007f980d67f000,0x00007f980d77f000] [id=10792]
  0x00007f983411e000 WatcherThread [stack: 0x00007f980c679000,0x00007f980c779000] [id=10800]
  0x00007f983402e000 GCTaskThread "GC Thread#0" [stack: 0x00007f983a8d5000,0x00007f983a9d5000] [id=10787]
  0x00007f9804001000 GCTaskThread "GC Thread#1" [stack: 0x00007f980c477000,0x00007f980c577000] [id=10802]
  0x00007f9834048800 ConcurrentGCThread "G1 Main Marker" [stack: 0x00007f9838082000,0x00007f9838182000] [id=10788]
  0x00007f983404a800 ConcurrentGCThread "G1 Conc#0" [stack: 0x00007f981c6cf000,0x00007f981c7cf000] [id=10789]
  0x00007f983408c800 ConcurrentGCThread "G1 Refine#0" [stack: 0x00007f981c1ca000,0x00007f981c2ca000] [id=10790]
  0x00007f983408e000 ConcurrentGCThread "G1 Young RemSet Sampling" [stack: 0x00007f981c0c9000,0x00007f981c1c9000] [id=10791]

Threads with active compile tasks:
C2 CompilerThread0     8587 4575       4       org.apache.maven.model.Dependency::getManagementKey (94 bytes)

VM state:not at safepoint (normal execution)

VM Mutex/Monitor currently owned by a thread: None

Heap address: 0x00000000c4c00000, size: 948 MB, Compressed Oops mode: 32-bit
Narrow klass base: 0x0000000800000000, Narrow klass shift: 3
Compressed class space size: 1073741824 Address: 0x0000000840000000

Heap:
 garbage-first heap   total 78848K, used 14839K [0x00000000c4c00000, 0x0000000100000000)
  region size 1024K, 5 young (5120K), 2 survivors (2048K)
 Metaspace       used 22441K, capacity 22958K, committed 23168K, reserved 1069056K
  class space    used 2523K, capacity 2668K, committed 2688K, reserved 1048576K
Heap Regions: E=young(eden), S=young(survivor), O=old, HS=humongous(starts), HC=humongous(continues), CS=collection set, F=free, A=archive, TAMS=top-at-mark-start (previous, next)
|   0|0x00000000c4c00000, 0x00000000c4d00000, 0x00000000c4d00000|100%| O|  |TAMS 0x00000000c4d00000, 0x00000000c4c00000| Untracked 
|   1|0x00000000c4d00000, 0x00000000c4e00000, 0x00000000c4e00000|100%| O|  |TAMS 0x00000000c4e00000, 0x00000000c4d00000| Untracked 
|   2|0x00000000c4e00000, 0x00000000c4f00000, 0x00000000c4f00000|100%| O|  |TAMS 0x00000000c4f00000, 0x00000000c4e00000| Untracked 
|   3|0x00000000c4f00000, 0x00000000c5000000, 0x00000000c5000000|100%| O|  |TAMS 0x00000000c5000000, 0x00000000c4f00000| Untracked 
|   4|0x00000000c5000000, 0x00000000c5100000, 0x00000000c5100000|100%| O|  |TAMS 0x00000000c5100000, 0x00000000c5000000| Untracked 
|   5|0x00000000c5100000, 0x00000000c5200000, 0x00000000c5200000|100%| O|  |TAMS 0x00000000c5200000, 0x00000000c5100000| Untracked 
|   6|0x00000000c5200000, 0x00000000c5300000, 0x00000000c5300000|100%| O|  |TAMS 0x00000000c5300000, 0x00000000c5200000| Untracked 
|   7|0x00000000c5300000, 0x00000000c5400000, 0x00000000c5400000|100%| O|  |TAMS 0x00000000c53e6400, 0x00000000c5300000| Untracked 
|   8|0x00000000c5400000, 0x00000000c5500000, 0x00000000c5500000|100%| O|  |TAMS 0x00000000c5400000, 0x00000000c5400000| Untracked 
|   9|0x00000000c5500000, 0x00000000c55c9c00, 0x00000000c5600000| 78%| O|  |TAMS 0x00000000c5500000, 0x00000000c5500000| Untracked 
|  10|0x00000000c5600000, 0x00000000c5600000, 0x00000000c5700000|  0%| F|  |TAMS 0x00000000c5600000, 0x00000000c5600000| Untracked 
|  11|0x00000000c5700000, 0x00000000c5700000, 0x00000000c5800000|  0%| F|  |TAMS 0x00000000c5700000, 0x00000000c5700000| Untracked 
|  12|0x00000000c5800000, 0x00000000c5800000, 0x00000000c5900000|  0%| F|  |TAMS 0x00000000c5800000, 0x00000000c5800000| Untracked 
|  13|0x00000000c5900000, 0x00000000c5900000, 0x00000000c5a00000|  0%| F|  |TAMS 0x00000000c5900000, 0x00000000c5900000| Untracked 
|  14|0x00000000c5a00000, 0x00000000c5a00000, 0x00000000c5b00000|  0%| F|  |TAMS 0x00000000c5a00000, 0x00000000c5a00000| Untracked 
|  15|0x00000000c5b00000, 0x00000000c5b00000, 0x00000000c5c00000|  0%| F|  |TAMS 0x00000000c5b00000, 0x00000000c5b00000| Untracked 
|  16|0x00000000c5c00000, 0x00000000c5c00000, 0x00000000c5d00000|  0%| F|  |TAMS 0x00000000c5c00000, 0x00000000c5c00000| Untracked 
|  17|0x00000000c5d00000, 0x00000000c5d00000, 0x00000000c5e00000|  0%| F|  |TAMS 0x00000000c5d00000, 0x00000000c5d00000| Untracked 
|  18|0x00000000c5e00000, 0x00000000c5e00000, 0x00000000c5f00000|  0%| F|  |TAMS 0x00000000c5e00000, 0x00000000c5e00000| Untracked 
|  19|0x00000000c5f00000, 0x00000000c5f00000, 0x00000000c6000000|  0%| F|  |TAMS 0x00000000c5f00000, 0x00000000c5f00000| Untracked 
|  20|0x00000000c6000000, 0x00000000c6000000, 0x00000000c6100000|  0%| F|  |TAMS 0x00000000c6000000, 0x00000000c6000000| Untracked 
|  21|0x00000000c6100000, 0x00000000c6100000, 0x00000000c6200000|  0%| F|  |TAMS 0x00000000c6100000, 0x00000000c6100000| Untracked 
|  22|0x00000000c6200000, 0x00000000c6200000, 0x00000000c6300000|  0%| F|  |TAMS 0x00000000c6200000, 0x00000000c6200000| Untracked 
|  23|0x00000000c6300000, 0x00000000c6300000, 0x00000000c6400000|  0%| F|  |TAMS 0x00000000c6300000, 0x00000000c6300000| Untracked 
|  24|0x00000000c6400000, 0x00000000c6400000, 0x00000000c6500000|  0%| F|  |TAMS 0x00000000c6400000, 0x00000000c6400000| Untracked 
|  25|0x00000000c6500000, 0x00000000c6500000, 0x00000000c6600000|  0%| F|  |TAMS 0x00000000c6500000, 0x00000000c6500000| Untracked 
|  26|0x00000000c6600000, 0x00000000c6600000, 0x00000000c6700000|  0%| F|  |TAMS 0x00000000c6600000, 0x00000000c6600000| Untracked 
|  27|0x00000000c6700000, 0x00000000c6700000, 0x00000000c6800000|  0%| F|  |TAMS 0x00000000c6700000, 0x00000000c6700000| Untracked 
|  28|0x00000000c6800000, 0x00000000c6800000, 0x00000000c6900000|  0%| F|  |TAMS 0x00000000c6800000, 0x00000000c6800000| Untracked 
|  29|0x00000000c6900000, 0x00000000c6900000, 0x00000000c6a00000|  0%| F|  |TAMS 0x00000000c6900000, 0x00000000c6900000| Untracked 
|  30|0x00000000c6a00000, 0x00000000c6a00000, 0x00000000c6b00000|  0%| F|  |TAMS 0x00000000c6a00000, 0x00000000c6a00000| Untracked 
|  31|0x00000000c6b00000, 0x00000000c6b00000, 0x00000000c6c00000|  0%| F|  |TAMS 0x00000000c6b00000, 0x00000000c6b00000| Untracked 
|  32|0x00000000c6c00000, 0x00000000c6c00000, 0x00000000c6d00000|  0%| F|  |TAMS 0x00000000c6c00000, 0x00000000c6c00000| Untracked 
|  33|0x00000000c6d00000, 0x00000000c6d00000, 0x00000000c6e00000|  0%| F|  |TAMS 0x00000000c6d00000, 0x00000000c6d00000| Untracked 
|  34|0x00000000c6e00000, 0x00000000c6e00000, 0x00000000c6f00000|  0%| F|  |TAMS 0x00000000c6e00000, 0x00000000c6e00000| Untracked 
|  35|0x00000000c6f00000, 0x00000000c6f00000, 0x00000000c7000000|  0%| F|  |TAMS 0x00000000c6f00000, 0x00000000c6f00000| Untracked 
|  36|0x00000000c7000000, 0x00000000c7000000, 0x00000000c7100000|  0%| F|  |TAMS 0x00000000c7000000, 0x00000000c7000000| Untracked 
|  37|0x00000000c7100000, 0x00000000c7100000, 0x00000000c7200000|  0%| F|  |TAMS 0x00000000c7100000, 0x00000000c7100000| Untracked 
|  38|0x00000000c7200000, 0x00000000c7200000, 0x00000000c7300000|  0%| F|  |TAMS 0x00000000c7200000, 0x00000000c7200000| Untracked 
|  39|0x00000000c7300000, 0x00000000c7300000, 0x00000000c7400000|  0%| F|  |TAMS 0x00000000c7300000, 0x00000000c7300000| Untracked 
|  40|0x00000000c7400000, 0x00000000c7500000, 0x00000000c7500000|100%| S|CS|TAMS 0x00000000c7400000, 0x00000000c7400000| Complete 
|  41|0x00000000c7500000, 0x00000000c7600000, 0x00000000c7600000|100%| S|CS|TAMS 0x00000000c7500000, 0x00000000c7500000| Complete 
|  42|0x00000000c7600000, 0x00000000c7600000, 0x00000000c7700000|  0%| F|  |TAMS 0x00000000c7600000, 0x00000000c7600000| Untracked 
|  43|0x00000000c7700000, 0x00000000c7700000, 0x00000000c7800000|  0%| F|  |TAMS 0x00000000c7700000, 0x00000000c7700000| Untracked 
|  44|0x00000000c7800000, 0x00000000c7800000, 0x00000000c7900000|  0%| F|  |TAMS 0x00000000c7800000, 0x00000000c7800000| Untracked 
|  45|0x00000000c7900000, 0x00000000c7900000, 0x00000000c7a00000|  0%| F|  |TAMS 0x00000000c7900000, 0x00000000c7900000| Untracked 
|  46|0x00000000c7a00000, 0x00000000c7a00000, 0x00000000c7b00000|  0%| F|  |TAMS 0x00000000c7a00000, 0x00000000c7a00000| Untracked 
|  47|0x00000000c7b00000, 0x00000000c7b00000, 0x00000000c7c00000|  0%| F|  |TAMS 0x00000000c7b00000, 0x00000000c7b00000| Untracked 
|  48|0x00000000c7c00000, 0x00000000c7c00000, 0x00000000c7d00000|  0%| F|  |TAMS 0x00000000c7c00000, 0x00000000c7c00000| Untracked 
|  49|0x00000000c7d00000, 0x00000000c7d00000, 0x00000000c7e00000|  0%| F|  |TAMS 0x00000000c7d00000, 0x00000000c7d00000| Untracked 
|  50|0x00000000c7e00000, 0x00000000c7e00000, 0x00000000c7f00000|  0%| F|  |TAMS 0x00000000c7e00000, 0x00000000c7e00000| Untracked 
|  51|0x00000000c7f00000, 0x00000000c7f00000, 0x00000000c8000000|  0%| F|  |TAMS 0x00000000c7f00000, 0x00000000c7f00000| Untracked 
|  52|0x00000000c8000000, 0x00000000c8000000, 0x00000000c8100000|  0%| F|  |TAMS 0x00000000c8000000, 0x00000000c8000000| Untracked 
|  53|0x00000000c8100000, 0x00000000c8100000, 0x00000000c8200000|  0%| F|  |TAMS 0x00000000c8100000, 0x00000000c8100000| Untracked 
|  54|0x00000000c8200000, 0x00000000c8200000, 0x00000000c8300000|  0%| F|  |TAMS 0x00000000c8200000, 0x00000000c8200000| Untracked 
|  55|0x00000000c8300000, 0x00000000c8300000, 0x00000000c8400000|  0%| F|  |TAMS 0x00000000c8300000, 0x00000000c8300000| Untracked 
|  56|0x00000000c8400000, 0x00000000c8400000, 0x00000000c8500000|  0%| F|  |TAMS 0x00000000c8400000, 0x00000000c8400000| Untracked 
|  57|0x00000000c8500000, 0x00000000c8500000, 0x00000000c8600000|  0%| F|  |TAMS 0x00000000c8500000, 0x00000000c8500000| Untracked 
|  58|0x00000000c8600000, 0x00000000c8600000, 0x00000000c8700000|  0%| F|  |TAMS 0x00000000c8600000, 0x00000000c8600000| Untracked 
|  59|0x00000000c8700000, 0x00000000c8700000, 0x00000000c8800000|  0%| F|  |TAMS 0x00000000c8700000, 0x00000000c8700000| Untracked 
|  60|0x00000000c8800000, 0x00000000c8800000, 0x00000000c8900000|  0%| F|  |TAMS 0x00000000c8800000, 0x00000000c8800000| Untracked 
|  61|0x00000000c8900000, 0x00000000c8900000, 0x00000000c8a00000|  0%| F|  |TAMS 0x00000000c8900000, 0x00000000c8900000| Untracked 
|  62|0x00000000c8a00000, 0x00000000c8a00000, 0x00000000c8b00000|  0%| F|  |TAMS 0x00000000c8a00000, 0x00000000c8a00000| Untracked 
|  63|0x00000000c8b00000, 0x00000000c8b00000, 0x00000000c8c00000|  0%| F|  |TAMS 0x00000000c8b00000, 0x00000000c8b00000| Untracked 
|  64|0x00000000c8c00000, 0x00000000c8c00000, 0x00000000c8d00000|  0%| F|  |TAMS 0x00000000c8c00000, 0x00000000c8c00000| Untracked 
|  65|0x00000000c8d00000, 0x00000000c8d00000, 0x00000000c8e00000|  0%| F|  |TAMS 0x00000000c8d00000, 0x00000000c8d00000| Untracked 
|  66|0x00000000c8e00000, 0x00000000c8e00000, 0x00000000c8f00000|  0%| F|  |TAMS 0x00000000c8e00000, 0x00000000c8e00000| Untracked 
|  67|0x00000000c8f00000, 0x00000000c8f00000, 0x00000000c9000000|  0%| F|  |TAMS 0x00000000c8f00000, 0x00000000c8f00000| Untracked 
|  68|0x00000000c9000000, 0x00000000c9000000, 0x00000000c9100000|  0%| F|  |TAMS 0x00000000c9000000, 0x00000000c9000000| Untracked 
|  69|0x00000000c9100000, 0x00000000c9100000, 0x00000000c9200000|  0%| F|  |TAMS 0x00000000c9100000, 0x00000000c9100000| Untracked 
|  70|0x00000000c9200000, 0x00000000c9200000, 0x00000000c9300000|  0%| F|  |TAMS 0x00000000c9200000, 0x00000000c9200000| Untracked 
|  71|0x00000000c9300000, 0x00000000c9300000, 0x00000000c9400000|  0%| F|  |TAMS 0x00000000c9300000, 0x00000000c9300000| Untracked 
|  72|0x00000000c9400000, 0x00000000c9480800, 0x00000000c9500000| 50%| E|  |TAMS 0x00000000c9400000, 0x00000000c9400000| Complete 
|  73|0x00000000c9500000, 0x00000000c9600000, 0x00000000c9600000|100%| E|CS|TAMS 0x00000000c9500000, 0x00000000c9500000| Complete 
|  74|0x00000000c9600000, 0x00000000c9700000, 0x00000000c9700000|100%| E|CS|TAMS 0x00000000c9600000, 0x00000000c9600000| Complete 
| 946|0x00000000ffe00000, 0x00000000ffe48000, 0x00000000fff00000| 28%|OA|  |TAMS 0x00000000ffe48000, 0x00000000ffe00000| Untracked 
| 947|0x00000000fff00000, 0x00000000fff6c000, 0x0000000100000000| 42%|CA|  |TAMS 0x00000000fff6c000, 0x00000000fff00000| Untracked 

Card table byte_map: [0x00007f983a11c000,0x00007f983a2f6000] _byte_map_base: 0x00007f9839af6000

Marking Bits (Prev, Next): (CMBitMap*) 0x00007f98340440e0, (CMBitMap*) 0x00007f98340440a8
 Prev Bits: [0x00007f98381a2000, 0x00007f9839072000)
 Next Bits: [0x00007f9839072000, 0x00007f9839f42000)

Polling page: 0x00007f983abe8000

Metaspace:

Usage:
  Non-class:     19,81 MB capacity,    19,45 MB ( 98%) used,   340,66 KB (  2%) free+waste,    30,62 KB ( <1%) overhead. 
      Class:      2,61 MB capacity,     2,46 MB ( 95%) used,   131,66 KB (  5%) free+waste,    13,19 KB ( <1%) overhead. 
       Both:     22,42 MB capacity,    21,92 MB ( 98%) used,   472,31 KB (  2%) free+waste,    43,81 KB ( <1%) overhead. 

Virtual space:
  Non-class space:       20,00 MB reserved,      20,00 MB (100%) committed 
      Class space:        1,00 GB reserved,       2,62 MB ( <1%) committed 
             Both:        1,02 GB reserved,      22,62 MB (  2%) committed 

Chunk freelists:
   Non-Class:  62,00 KB
       Class:  20,00 KB
        Both:  82,00 KB

MaxMetaspaceSize: unlimited
CompressedClassSpaceSize: 1,00 GB
Initial GC threshold: 20,80 MB
Current GC threshold: 34,79 MB
CDS: on

CodeHeap 'non-profiled nmethods': size=120032Kb used=2075Kb max_used=2075Kb free=117956Kb
 bounds [0x00007f9824297000, 0x00007f9824507000, 0x00007f982b7cf000]
CodeHeap 'profiled nmethods': size=120032Kb used=9961Kb max_used=9961Kb free=110070Kb
 bounds [0x00007f981cd5f000, 0x00007f981d71f000, 0x00007f9824297000]
CodeHeap 'non-nmethods': size=5696Kb used=1224Kb max_used=1256Kb free=4472Kb
 bounds [0x00007f981c7cf000, 0x00007f981ca3f000, 0x00007f981cd5f000]
 total_blobs=5082 nmethods=4584 adapters=411
 compilation: enabled
              stopped_count=0, restarted_count=0
 full_count=0

Compilation events (20 events):
Event: 8,507 Thread 0x00007f98340cb000 nmethod 4582 0x00007f982449ac10 code [0x00007f982449adc0, 0x00007f982449ae90]
Event: 8,510 Thread 0x00007f98340cb000 4583       3       java.util.concurrent.ConcurrentHashMap::containsKey (14 bytes)
Event: 8,510 Thread 0x00007f98340cb000 nmethod 4583 0x00007f981d70be10 code [0x00007f981d70bfc0, 0x00007f981d70c180]
Event: 8,510 Thread 0x00007f98340cb000 4584       3       org.codehaus.plexus.interpolation.MapBasedValueSource::<init> (11 bytes)
Event: 8,510 Thread 0x00007f98340cb000 nmethod 4584 0x00007f981d70c210 code [0x00007f981d70c3e0, 0x00007f981d70c650]
Event: 8,512 Thread 0x00007f98340cb000 4585   !   3       org.apache.maven.model.profile.DefaultProfileSelector::isActive (187 bytes)
Event: 8,514 Thread 0x00007f98340cb000 nmethod 4585 0x00007f981d70c710 code [0x00007f981d70caa0, 0x00007f981d70e170]
Event: 8,514 Thread 0x00007f98340cb000 4587       3       org.apache.maven.model.CiManagement::getLocation (176 bytes)
Event: 8,515 Thread 0x00007f98340cb000 nmethod 4587 0x00007f981d70e910 code [0x00007f981d70eba0, 0x00007f981d70f8a0]
Event: 8,515 Thread 0x00007f98340cb000 4588       3       org.apache.maven.model.CiManagement::setLocation (186 bytes)
Event: 8,517 Thread 0x00007f98340cb000 nmethod 4588 0x00007f981d70fb10 code [0x00007f981d70fde0, 0x00007f981d711020]
Event: 8,519 Thread 0x00007f98340cb000 4589       3       org.eclipse.sisu.inject.RankedSequence::uid2rank (10 bytes)
Event: 8,519 Thread 0x00007f98340cb000 nmethod 4589 0x00007f981d711390 code [0x00007f981d711540, 0x00007f981d711630]
Event: 8,519 Thread 0x00007f98340cb000 4590       3       com.google.inject.TypeLiteral::getParameterTypes (135 bytes)
Event: 8,523 Thread 0x00007f98340cb000 nmethod 4590 0x00007f981d711710 code [0x00007f981d711ca0, 0x00007f981d715570]
Event: 8,523 Thread 0x00007f98340cb000 4591       3       com.google.inject.TypeLiteral::resolveAll (35 bytes)
Event: 8,524 Thread 0x00007f98340cb000 nmethod 4591 0x00007f981d716490 code [0x00007f981d7166a0, 0x00007f981d716ce0]
Event: 8,524 Thread 0x00007f98340cb000 4592       3       org.eclipse.sisu.bean.BeanPropertyIterator::next (5 bytes)
Event: 8,524 Thread 0x00007f98340cb000 nmethod 4592 0x00007f981d716f10 code [0x00007f981d7170e0, 0x00007f981d7173f0]
Event: 8,524 Thread 0x00007f98340cb000 4593       3       com.google.inject.internal.ProvisionListenerCallbackStore::get (57 bytes)

GC Heap History (12 events):
Event: 0,583 GC heap before
{Heap before GC invocations=0 (full 0):
 garbage-first heap   total 63488K, used 15056K [0x00000000c4c00000, 0x0000000100000000)
  region size 1024K, 14 young (14336K), 0 survivors (0K)
 Metaspace       used 4241K, capacity 7185K, committed 7296K, reserved 1056768K
  class space    used 500K, capacity 824K, committed 896K, reserved 1048576K
}
Event: 0,592 GC heap after
{Heap after GC invocations=1 (full 0):
 garbage-first heap   total 63488K, used 3252K [0x00000000c4c00000, 0x0000000100000000)
  region size 1024K, 2 young (2048K), 2 survivors (2048K)
 Metaspace       used 4241K, capacity 7185K, committed 7296K, reserved 1056768K
  class space    used 500K, capacity 824K, committed 896K, reserved 1048576K
}
Event: 1,290 GC heap before
{Heap before GC invocations=1 (full 0):
 garbage-first heap   total 63488K, used 38068K [0x00000000c4c00000, 0x0000000100000000)
  region size 1024K, 36 young (36864K), 2 survivors (2048K)
 Metaspace       used 8971K, capacity 11188K, committed 11392K, reserved 1058816K
  class space    used 1100K, capacity 1386K, committed 1408K, reserved 1048576K
}
Event: 1,305 GC heap after
{Heap after GC invocations=2 (full 0):
 garbage-first heap   total 63488K, used 4871K [0x00000000c4c00000, 0x0000000100000000)
  region size 1024K, 4 young (4096K), 4 survivors (4096K)
 Metaspace       used 8971K, capacity 11188K, committed 11392K, reserved 1058816K
  class space    used 1100K, capacity 1386K, committed 1408K, reserved 1048576K
}
Event: 2,400 GC heap before
{Heap before GC invocations=2 (full 0):
 garbage-first heap   total 63488K, used 37639K [0x00000000c4c00000, 0x0000000100000000)
  region size 1024K, 36 young (36864K), 4 survivors (4096K)
 Metaspace       used 16332K, capacity 16710K, committed 17024K, reserved 1064960K
  class space    used 1949K, capacity 2106K, committed 2176K, reserved 1048576K
}
Event: 2,421 GC heap after
{Heap after GC invocations=3 (full 0):
 garbage-first heap   total 63488K, used 8683K [0x00000000c4c00000, 0x0000000100000000)
  region size 1024K, 5 young (5120K), 5 survivors (5120K)
 Metaspace       used 16332K, capacity 16710K, committed 17024K, reserved 1064960K
  class space    used 1949K, capacity 2106K, committed 2176K, reserved 1048576K
}
Event: 3,949 GC heap before
{Heap before GC invocations=3 (full 0):
 garbage-first heap   total 63488K, used 25067K [0x00000000c4c00000, 0x0000000100000000)
  region size 1024K, 22 young (22528K), 5 survivors (5120K)
 Metaspace       used 20805K, capacity 21205K, committed 21248K, reserved 1069056K
  class space    used 2424K, capacity 2554K, committed 2560K, reserved 1048576K
}
Event: 3,964 GC heap after
{Heap after GC invocations=4 (full 0):
 garbage-first heap   total 63488K, used 11299K [0x00000000c4c00000, 0x0000000100000000)
  region size 1024K, 3 young (3072K), 3 survivors (3072K)
 Metaspace       used 20805K, capacity 21205K, committed 21248K, reserved 1069056K
  class space    used 2424K, capacity 2554K, committed 2560K, reserved 1048576K
}
Event: 6,146 GC heap before
{Heap before GC invocations=5 (full 0):
 garbage-first heap   total 63488K, used 35875K [0x00000000c4c00000, 0x0000000100000000)
  region size 1024K, 28 young (28672K), 3 survivors (3072K)
 Metaspace       used 21798K, capacity 22261K, committed 22400K, reserved 1069056K
  class space    used 2493K, capacity 2628K, committed 2688K, reserved 1048576K
}
Event: 6,154 GC heap after
{Heap after GC invocations=6 (full 0):
 garbage-first heap   total 78848K, used 11881K [0x00000000c4c00000, 0x0000000100000000)
  region size 1024K, 3 young (3072K), 3 survivors (3072K)
 Metaspace       used 21798K, capacity 22261K, committed 22400K, reserved 1069056K
  class space    used 2493K, capacity 2628K, committed 2688K, reserved 1048576K
}
Event: 8,493 GC heap before
{Heap before GC invocations=6 (full 0):
 garbage-first heap   total 78848K, used 45673K [0x00000000c4c00000, 0x0000000100000000)
  region size 1024K, 36 young (36864K), 3 survivors (3072K)
 Metaspace       used 22426K, capacity 22894K, committed 23168K, reserved 1069056K
  class space    used 2523K, capacity 2668K, committed 2688K, reserved 1048576K
}
Event: 8,501 GC heap after
{Heap after GC invocations=7 (full 0):
 garbage-first heap   total 78848K, used 12791K [0x00000000c4c00000, 0x0000000100000000)
  region size 1024K, 2 young (2048K), 2 survivors (2048K)
 Metaspace       used 22426K, capacity 22894K, committed 23168K, reserved 1069056K
  class space    used 2523K, capacity 2668K, committed 2688K, reserved 1048576K
}

Deoptimization events (20 events):
Event: 7,488 Thread 0x00007f9834016800 DEOPT PACKING pc=0x00007f9824478d98 sp=0x00007f983ad285a0
Event: 7,488 Thread 0x00007f9834016800 DEOPT UNPACKING pc=0x00007f981c818ea5 sp=0x00007f983ad28560 mode 2
Event: 7,488 Thread 0x00007f9834016800 Uncommon trap: trap_request=0xffffffbe fr.pc=0x00007f9824478d98 relative=0x00000000000004d8
Event: 7,488 Thread 0x00007f9834016800 Uncommon trap: reason=profile_predicate action=maybe_recompile pc=0x00007f9824478d98 method=java.util.regex.Pattern$Slice.match(Ljava/util/regex/Matcher;ILjava/lang/CharSequence;)Z @ 18 c2
Event: 7,488 Thread 0x00007f9834016800 DEOPT PACKING pc=0x00007f9824478d98 sp=0x00007f983ad285a0
Event: 7,488 Thread 0x00007f9834016800 DEOPT UNPACKING pc=0x00007f981c818ea5 sp=0x00007f983ad28560 mode 2
Event: 7,490 Thread 0x00007f9834016800 Uncommon trap: trap_request=0xffffffbe fr.pc=0x00007f9824478d98 relative=0x00000000000004d8
Event: 7,490 Thread 0x00007f9834016800 Uncommon trap: reason=profile_predicate action=maybe_recompile pc=0x00007f9824478d98 method=java.util.regex.Pattern$Slice.match(Ljava/util/regex/Matcher;ILjava/lang/CharSequence;)Z @ 18 c2
Event: 7,490 Thread 0x00007f9834016800 DEOPT PACKING pc=0x00007f9824478d98 sp=0x00007f983ad286e0
Event: 7,490 Thread 0x00007f9834016800 DEOPT UNPACKING pc=0x00007f981c818ea5 sp=0x00007f983ad286a0 mode 2
Event: 7,490 Thread 0x00007f9834016800 Uncommon trap: trap_request=0xffffffbe fr.pc=0x00007f9824478d98 relative=0x00000000000004d8
Event: 7,490 Thread 0x00007f9834016800 Uncommon trap: reason=profile_predicate action=maybe_recompile pc=0x00007f9824478d98 method=java.util.regex.Pattern$Slice.match(Ljava/util/regex/Matcher;ILjava/lang/CharSequence;)Z @ 18 c2
Event: 7,490 Thread 0x00007f9834016800 DEOPT PACKING pc=0x00007f9824478d98 sp=0x00007f983ad286e0
Event: 7,490 Thread 0x00007f9834016800 DEOPT UNPACKING pc=0x00007f981c818ea5 sp=0x00007f983ad286a0 mode 2
Event: 7,984 Thread 0x00007f9834016800 DEOPT PACKING pc=0x00007f981d390560 sp=0x00007f983ad27d30
Event: 7,984 Thread 0x00007f9834016800 DEOPT UNPACKING pc=0x00007f981c81964a sp=0x00007f983ad27278 mode 0
Event: 8,517 Thread 0x00007f9834016800 Uncommon trap: trap_request=0xffffff4d fr.pc=0x00007f98244411f0 relative=0x00000000000000b0
Event: 8,517 Thread 0x00007f9834016800 Uncommon trap: reason=unstable_if action=reinterpret pc=0x00007f98244411f0 method=org.apache.maven.model.io.xpp3.MavenXpp3Reader.nextTag(Lorg/codehaus/plexus/util/xml/pull/XmlPullParser;)I @ 9 c2
Event: 8,517 Thread 0x00007f9834016800 DEOPT PACKING pc=0x00007f98244411f0 sp=0x00007f983ad27fa0
Event: 8,517 Thread 0x00007f9834016800 DEOPT UNPACKING pc=0x00007f981c818ea5 sp=0x00007f983ad27f50 mode 2

Classes redefined (0 events):
No events

Internal exceptions (20 events):
Event: 8,342 Thread 0x00007f9834016800 Exception <a 'java/lang/NullPointerException'{0x00000000c795f240}> (0x00000000c795f240) thrown at [src/hotspot/share/runtime/sharedRuntime.cpp, line 606]
Event: 8,390 Thread 0x00007f9834016800 Implicit null exception at 0x00007f981d66e19f to 0x00007f981d6734a2
Event: 8,390 Thread 0x00007f9834016800 Exception <a 'java/lang/NullPointerException'{0x00000000c79c8bf0}> (0x00000000c79c8bf0) thrown at [src/hotspot/share/runtime/sharedRuntime.cpp, line 606]
Event: 8,390 Thread 0x00007f9834016800 Implicit null exception at 0x00007f981d66e19f to 0x00007f981d6734a2
Event: 8,390 Thread 0x00007f9834016800 Exception <a 'java/lang/NullPointerException'{0x00000000c79c9178}> (0x00000000c79c9178) thrown at [src/hotspot/share/runtime/sharedRuntime.cpp, line 606]
Event: 8,390 Thread 0x00007f9834016800 Implicit null exception at 0x00007f981d66e19f to 0x00007f981d6734a2
Event: 8,390 Thread 0x00007f9834016800 Exception <a 'java/lang/NullPointerException'{0x00000000c79c9700}> (0x00000000c79c9700) thrown at [src/hotspot/share/runtime/sharedRuntime.cpp, line 606]
Event: 8,390 Thread 0x00007f9834016800 Implicit null exception at 0x00007f981d66e19f to 0x00007f981d6734a2
Event: 8,390 Thread 0x00007f9834016800 Exception <a 'java/lang/NullPointerException'{0x00000000c79ca1a8}> (0x00000000c79ca1a8) thrown at [src/hotspot/share/runtime/sharedRuntime.cpp, line 606]
Event: 8,390 Thread 0x00007f9834016800 Implicit null exception at 0x00007f981d66e19f to 0x00007f981d6734a2
Event: 8,390 Thread 0x00007f9834016800 Exception <a 'java/lang/NullPointerException'{0x00000000c79ca730}> (0x00000000c79ca730) thrown at [src/hotspot/share/runtime/sharedRuntime.cpp, line 606]
Event: 8,390 Thread 0x00007f9834016800 Implicit null exception at 0x00007f981d66e19f to 0x00007f981d6734a2
Event: 8,390 Thread 0x00007f9834016800 Exception <a 'java/lang/NullPointerException'{0x00000000c79cacb8}> (0x00000000c79cacb8) thrown at [src/hotspot/share/runtime/sharedRuntime.cpp, line 606]
Event: 8,390 Thread 0x00007f9834016800 Implicit null exception at 0x00007f981d66e19f to 0x00007f981d6734a2
Event: 8,390 Thread 0x00007f9834016800 Exception <a 'java/lang/NullPointerException'{0x00000000c79cb6f8}> (0x00000000c79cb6f8) thrown at [src/hotspot/share/runtime/sharedRuntime.cpp, line 606]
Event: 8,390 Thread 0x00007f9834016800 Implicit null exception at 0x00007f981d66e19f to 0x00007f981d6734a2
Event: 8,390 Thread 0x00007f9834016800 Exception <a 'java/lang/NullPointerException'{0x00000000c79cbc80}> (0x00000000c79cbc80) thrown at [src/hotspot/share/runtime/sharedRuntime.cpp, line 606]
Event: 8,390 Thread 0x00007f9834016800 Implicit null exception at 0x00007f981d66e19f to 0x00007f981d6734a2
Event: 8,390 Thread 0x00007f9834016800 Exception <a 'java/lang/NullPointerException'{0x00000000c79cc208}> (0x00000000c79cc208) thrown at [src/hotspot/share/runtime/sharedRuntime.cpp, line 606]
Event: 8,525 Thread 0x00007f9834016800 Implicit null exception at 0x00007f982440465b to 0x0000000000000000

Events (20 events):
Event: 7,243 loading class org/codehaus/plexus/interpolation/InterpolationPostProcessor done
Event: 7,244 loading class org/codehaus/plexus/interpolation/Interpolator
Event: 7,244 loading class org/codehaus/plexus/interpolation/Interpolator done
Event: 7,244 loading class org/codehaus/plexus/interpolation/Interpolator
Event: 7,244 loading class org/codehaus/plexus/interpolation/Interpolator done
Event: 7,244 loading class org/apache/maven/shared/filtering/MultiDelimiterInterpolatorFilterReaderLineEnding
Event: 7,244 loading class org/apache/maven/shared/filtering/MultiDelimiterInterpolatorFilterReaderLineEnding done
Event: 7,244 loading class org/apache/maven/shared/filtering/MultiDelimiterInterpolatorFilterReaderLineEnding
Event: 7,244 loading class org/apache/maven/shared/filtering/MultiDelimiterInterpolatorFilterReaderLineEnding done
Event: 7,245 loading class org/apache/maven/plugin/logging/Log
Event: 7,245 loading class org/apache/maven/plugin/logging/Log done
Event: 7,245 loading class org/apache/maven/plugin/logging/Log
Event: 7,245 loading class org/apache/maven/plugin/logging/Log done
Event: 7,246 loading class org/apache/maven/artifact/resolver/filter/CumulativeScopeArtifactFilter
Event: 7,246 loading class org/apache/maven/artifact/resolver/filter/CumulativeScopeArtifactFilter done
Event: 7,246 loading class org/apache/maven/artifact/resolver/filter/AbstractScopeArtifactFilter
Event: 7,246 loading class org/apache/maven/artifact/resolver/filter/AbstractScopeArtifactFilter done
Event: 7,711 Thread 0x00007f97ec4be800 Thread exited: 0x00007f97ec4be800
Event: 8,493 Executing VM operation: G1CollectForAllocation
Event: 8,501 Executing VM operation: G1CollectForAllocation done


Dynamic libraries:
c4c00000-c9700000 rw-p 00000000 00:00 0 
c9700000-ffe00000 ---p 00000000 00:00 0 
ffe00000-ffe48000 rw-p 00b14000 08:05 1186003                            /usr/lib/jvm/java-11-openjdk-amd64/lib/server/classes.jsa
ffe48000-fff00000 rw-p 00000000 00:00 0 
fff00000-fff6c000 rw-p 00aa8000 08:05 1186003                            /usr/lib/jvm/java-11-openjdk-amd64/lib/server/classes.jsa
fff6c000-100000000 rw-p 00000000 00:00 0 
800000000-800002000 rwxp 00001000 08:05 1186003                          /usr/lib/jvm/java-11-openjdk-amd64/lib/server/classes.jsa
800002000-8003ce000 rw-p 00003000 08:05 1186003                          /usr/lib/jvm/java-11-openjdk-amd64/lib/server/classes.jsa
8003ce000-800aa6000 r--p 003cf000 08:05 1186003                          /usr/lib/jvm/java-11-openjdk-amd64/lib/server/classes.jsa
800aa6000-800aa7000 rw-p 00aa7000 08:05 1186003                          /usr/lib/jvm/java-11-openjdk-amd64/lib/server/classes.jsa
840000000-8402a0000 rw-p 00000000 00:00 0 
8402a0000-880000000 ---p 00000000 00:00 0 
55aebc9ba000-55aebc9bb000 r--p 00000000 08:05 786441                     /usr/lib/jvm/java-11-openjdk-amd64/bin/java
55aebc9bb000-55aebc9bc000 r-xp 00001000 08:05 786441                     /usr/lib/jvm/java-11-openjdk-amd64/bin/java
55aebc9bc000-55aebc9bd000 r--p 00002000 08:05 786441                     /usr/lib/jvm/java-11-openjdk-amd64/bin/java
55aebc9bd000-55aebc9be000 r--p 00002000 08:05 786441                     /usr/lib/jvm/java-11-openjdk-amd64/bin/java
55aebc9be000-55aebc9bf000 rw-p 00003000 08:05 786441                     /usr/lib/jvm/java-11-openjdk-amd64/bin/java
55aebd634000-55aebd655000 rw-p 00000000 00:00 0                          [heap]
7f97bc000000-7f97bc021000 rw-p 00000000 00:00 0 
7f97bc021000-7f97c0000000 ---p 00000000 00:00 0 
7f97c0000000-7f97c00f0000 rw-p 00000000 00:00 0 
7f97c00f0000-7f97c4000000 ---p 00000000 00:00 0 
7f97c4000000-7f97c4021000 rw-p 00000000 00:00 0 
7f97c4021000-7f97c8000000 ---p 00000000 00:00 0 
7f97c8000000-7f97c8021000 rw-p 00000000 00:00 0 
7f97c8021000-7f97cc000000 ---p 00000000 00:00 0 
7f97cc000000-7f97cc021000 rw-p 00000000 00:00 0 
7f97cc021000-7f97d0000000 ---p 00000000 00:00 0 
7f97d0000000-7f97d0b25000 rw-p 00000000 00:00 0 
7f97d0b25000-7f97d4000000 ---p 00000000 00:00 0 
7f97d6f93000-7f97d71fc000 rw-p 00000000 00:00 0 
7f97d71fc000-7f97d7200000 ---p 00000000 00:00 0 
7f97d7200000-7f97d72fd000 rw-p 00000000 00:00 0 
7f97d72fd000-7f97d7301000 ---p 00000000 00:00 0 
7f97d7301000-7f97d73fe000 rw-p 00000000 00:00 0 
7f97d73fe000-7f97d7402000 ---p 00000000 00:00 0 
7f97d7402000-7f97d74ff000 rw-p 00000000 00:00 0 
7f97d74ff000-7f97d7503000 ---p 00000000 00:00 0 
7f97d7503000-7f97d7800000 rw-p 00000000 00:00 0 
7f97d7800000-7f97d7a00000 rw-p 00000000 00:00 0 
7f97d7a00000-7f97d7c00000 rw-p 00000000 00:00 0 
7f97d7c00000-7f97d7e00000 rw-p 00000000 00:00 0 
7f97d7e00000-7f97d8000000 rw-p 00000000 00:00 0 
7f97d8000000-7f97d8021000 rw-p 00000000 00:00 0 
7f97d8021000-7f97dc000000 ---p 00000000 00:00 0 
7f97dc000000-7f97dc021000 rw-p 00000000 00:00 0 
7f97dc021000-7f97e0000000 ---p 00000000 00:00 0 
7f97e0000000-7f97e0021000 rw-p 00000000 00:00 0 
7f97e0021000-7f97e4000000 ---p 00000000 00:00 0 
7f97e4000000-7f97e4021000 rw-p 00000000 00:00 0 
7f97e4021000-7f97e8000000 ---p 00000000 00:00 0 
7f97e8000000-7f97e89ed000 rw-p 00000000 00:00 0 
7f97e89ed000-7f97ec000000 ---p 00000000 00:00 0 
7f97ec000000-7f97ec4ea000 rw-p 00000000 00:00 0 
7f97ec4ea000-7f97f0000000 ---p 00000000 00:00 0 
7f97f0000000-7f97f0021000 rw-p 00000000 00:00 0 
7f97f0021000-7f97f4000000 ---p 00000000 00:00 0 
7f97f4000000-7f97f4021000 rw-p 00000000 00:00 0 
7f97f4021000-7f97f8000000 ---p 00000000 00:00 0 
7f97f8000000-7f97f8021000 rw-p 00000000 00:00 0 
7f97f8021000-7f97fc000000 ---p 00000000 00:00 0 
7f97fc000000-7f97fc021000 rw-p 00000000 00:00 0 
7f97fc021000-7f9800000000 ---p 00000000 00:00 0 
7f9800000000-7f9800021000 rw-p 00000000 00:00 0 
7f9800021000-7f9804000000 ---p 00000000 00:00 0 
7f9804000000-7f9804021000 rw-p 00000000 00:00 0 
7f9804021000-7f9808000000 ---p 00000000 00:00 0 
7f9808000000-7f9808021000 rw-p 00000000 00:00 0 
7f9808021000-7f980c000000 ---p 00000000 00:00 0 
7f980c002000-7f980c026000 r--p 00000000 08:05 1976238                    /usr/share/locale-langpack/es/LC_MESSAGES/libc.mo
7f980c026000-7f980c02a000 ---p 00000000 00:00 0 
7f980c02a000-7f980c127000 rw-p 00000000 00:00 0 
7f980c127000-7f980c12b000 r--p 00000000 08:05 399303                     /usr/lib/x86_64-linux-gnu/libresolv-2.31.so
7f980c12b000-7f980c13b000 r-xp 00004000 08:05 399303                     /usr/lib/x86_64-linux-gnu/libresolv-2.31.so
7f980c13b000-7f980c13f000 r--p 00014000 08:05 399303                     /usr/lib/x86_64-linux-gnu/libresolv-2.31.so
7f980c13f000-7f980c140000 r--p 00017000 08:05 399303                     /usr/lib/x86_64-linux-gnu/libresolv-2.31.so
7f980c140000-7f980c141000 rw-p 00018000 08:05 399303                     /usr/lib/x86_64-linux-gnu/libresolv-2.31.so
7f980c141000-7f980c143000 rw-p 00000000 00:00 0 
7f980c143000-7f980c14b000 r--p 00000000 08:05 786597                     /usr/lib/jvm/java-11-openjdk-amd64/lib/libsunec.so
7f980c14b000-7f980c164000 r-xp 00008000 08:05 786597                     /usr/lib/jvm/java-11-openjdk-amd64/lib/libsunec.so
7f980c164000-7f980c16e000 r--p 00021000 08:05 786597                     /usr/lib/jvm/java-11-openjdk-amd64/lib/libsunec.so
7f980c16e000-7f980c16f000 ---p 0002b000 08:05 786597                     /usr/lib/jvm/java-11-openjdk-amd64/lib/libsunec.so
7f980c16f000-7f980c173000 r--p 0002b000 08:05 786597                     /usr/lib/jvm/java-11-openjdk-amd64/lib/libsunec.so
7f980c173000-7f980c175000 rw-p 0002f000 08:05 786597                     /usr/lib/jvm/java-11-openjdk-amd64/lib/libsunec.so
7f980c175000-7f980c375000 rw-p 00000000 00:00 0 
7f980c375000-7f980c379000 ---p 00000000 00:00 0 
7f980c379000-7f980c476000 rw-p 00000000 00:00 0 
7f980c476000-7f980c477000 ---p 00000000 00:00 0 
7f980c477000-7f980c577000 rw-p 00000000 00:00 0 
7f980c577000-7f980c57b000 ---p 00000000 00:00 0 
7f980c57b000-7f980c678000 rw-p 00000000 00:00 0 
7f980c678000-7f980c679000 ---p 00000000 00:00 0 
7f980c679000-7f980c779000 rw-p 00000000 00:00 0 
7f980c779000-7f980c77d000 ---p 00000000 00:00 0 
7f980c77d000-7f980c87a000 rw-p 00000000 00:00 0 
7f980c87a000-7f980c87e000 ---p 00000000 00:00 0 
7f980c87e000-7f980c97b000 rw-p 00000000 00:00 0 
7f980c97b000-7f980c97f000 ---p 00000000 00:00 0 
7f980c97f000-7f980ca7c000 rw-p 00000000 00:00 0 
7f980ca7c000-7f980ca80000 ---p 00000000 00:00 0 
7f980ca80000-7f980cb7d000 rw-p 00000000 00:00 0 
7f980cb7d000-7f980cb81000 ---p 00000000 00:00 0 
7f980cb81000-7f980cc7e000 rw-p 00000000 00:00 0 
7f980cc7e000-7f980d47c000 r--p 00000000 08:05 393244                     /usr/lib/locale/locale-archive
7f980d47c000-7f980d480000 ---p 00000000 00:00 0 
7f980d480000-7f980d57d000 rw-p 00000000 00:00 0 
7f980d57d000-7f980d581000 ---p 00000000 00:00 0 
7f980d581000-7f980d67e000 rw-p 00000000 00:00 0 
7f980d67e000-7f980d67f000 ---p 00000000 00:00 0 
7f980d67f000-7f9810000000 rw-p 00000000 00:00 0 
7f9810000000-7f9810021000 rw-p 00000000 00:00 0 
7f9810021000-7f9814000000 ---p 00000000 00:00 0 
7f9814000000-7f9814021000 rw-p 00000000 00:00 0 
7f9814021000-7f9818000000 ---p 00000000 00:00 0 
7f9818000000-7f9818021000 rw-p 00000000 00:00 0 
7f9818021000-7f981c000000 ---p 00000000 00:00 0 
7f981c00a000-7f981c00b000 r--p 00000000 08:05 397581                     /usr/lib/x86_64-linux-gnu/libnss_dns-2.31.so
7f981c00b000-7f981c00f000 r-xp 00001000 08:05 397581                     /usr/lib/x86_64-linux-gnu/libnss_dns-2.31.so
7f981c00f000-7f981c010000 r--p 00005000 08:05 397581                     /usr/lib/x86_64-linux-gnu/libnss_dns-2.31.so
7f981c010000-7f981c011000 r--p 00005000 08:05 397581                     /usr/lib/x86_64-linux-gnu/libnss_dns-2.31.so
7f981c011000-7f981c012000 rw-p 00006000 08:05 397581                     /usr/lib/x86_64-linux-gnu/libnss_dns-2.31.so
7f981c018000-7f981c01f000 r--s 00000000 08:05 1052767                    /usr/lib/x86_64-linux-gnu/gconv/gconv-modules.cache
7f981c01f000-7f981c020000 r--p 00000000 08:05 786573                     /usr/lib/jvm/java-11-openjdk-amd64/lib/libextnet.so
7f981c020000-7f981c021000 r-xp 00001000 08:05 786573                     /usr/lib/jvm/java-11-openjdk-amd64/lib/libextnet.so
7f981c021000-7f981c022000 r--p 00002000 08:05 786573                     /usr/lib/jvm/java-11-openjdk-amd64/lib/libextnet.so
7f981c022000-7f981c023000 r--p 00002000 08:05 786573                     /usr/lib/jvm/java-11-openjdk-amd64/lib/libextnet.so
7f981c023000-7f981c024000 rw-p 00003000 08:05 786573                     /usr/lib/jvm/java-11-openjdk-amd64/lib/libextnet.so
7f981c024000-7f981c055000 rw-p 00000000 00:00 0 
7f981c055000-7f981c059000 r--p 00000000 08:05 786591                     /usr/lib/jvm/java-11-openjdk-amd64/lib/libnet.so
7f981c059000-7f981c067000 r-xp 00004000 08:05 786591                     /usr/lib/jvm/java-11-openjdk-amd64/lib/libnet.so
7f981c067000-7f981c06b000 r--p 00012000 08:05 786591                     /usr/lib/jvm/java-11-openjdk-amd64/lib/libnet.so
7f981c06b000-7f981c06c000 r--p 00015000 08:05 786591                     /usr/lib/jvm/java-11-openjdk-amd64/lib/libnet.so
7f981c06c000-7f981c06d000 rw-p 00016000 08:05 786591                     /usr/lib/jvm/java-11-openjdk-amd64/lib/libnet.so
7f981c06d000-7f981c0c8000 rw-p 00000000 00:00 0 
7f981c0c8000-7f981c0c9000 ---p 00000000 00:00 0 
7f981c0c9000-7f981c1c9000 rw-p 00000000 00:00 0 
7f981c1c9000-7f981c1ca000 ---p 00000000 00:00 0 
7f981c1ca000-7f981c6ce000 rw-p 00000000 00:00 0 
7f981c6ce000-7f981c6cf000 ---p 00000000 00:00 0 
7f981c6cf000-7f981c7cf000 rw-p 00000000 00:00 0 
7f981c7cf000-7f981ca3f000 rwxp 00000000 00:00 0 
7f981ca3f000-7f981cd5f000 ---p 00000000 00:00 0 
7f981cd5f000-7f981d71f000 rwxp 00000000 00:00 0 
7f981d71f000-7f9824297000 ---p 00000000 00:00 0 
7f9824297000-7f9824507000 rwxp 00000000 00:00 0 
7f9824507000-7f982b7cf000 ---p 00000000 00:00 0 
7f982b7cf000-7f9834000000 r--s 00000000 08:05 786601                     /usr/lib/jvm/java-11-openjdk-amd64/lib/modules
7f9834000000-7f9834e03000 rw-p 00000000 00:00 0 
7f9834e03000-7f9838000000 ---p 00000000 00:00 0 
7f9838003000-7f983800a000 r--p 00000000 08:05 786592                     /usr/lib/jvm/java-11-openjdk-amd64/lib/libnio.so
7f983800a000-7f9838012000 r-xp 00007000 08:05 786592                     /usr/lib/jvm/java-11-openjdk-amd64/lib/libnio.so
7f9838012000-7f9838015000 r--p 0000f000 08:05 786592                     /usr/lib/jvm/java-11-openjdk-amd64/lib/libnio.so
7f9838015000-7f9838016000 r--p 00011000 08:05 786592                     /usr/lib/jvm/java-11-openjdk-amd64/lib/libnio.so
7f9838016000-7f9838017000 rw-p 00012000 08:05 786592                     /usr/lib/jvm/java-11-openjdk-amd64/lib/libnio.so
7f9838017000-7f9838081000 rw-p 00000000 00:00 0 
7f9838081000-7f9838082000 ---p 00000000 00:00 0 
7f9838082000-7f98382ce000 rw-p 00000000 00:00 0 
7f98382ce000-7f983906a000 ---p 00000000 00:00 0 
7f983906a000-7f983919e000 rw-p 00000000 00:00 0 
7f983919e000-7f9839f3a000 ---p 00000000 00:00 0 
7f9839f3a000-7f9839f68000 rw-p 00000000 00:00 0 
7f9839f68000-7f983a11b000 ---p 00000000 00:00 0 
7f983a11b000-7f983a142000 rw-p 00000000 00:00 0 
7f983a142000-7f983a2f5000 ---p 00000000 00:00 0 
7f983a2f5000-7f983a31c000 rw-p 00000000 00:00 0 
7f983a31c000-7f983a4cf000 ---p 00000000 00:00 0 
7f983a4cf000-7f983a8d4000 rw-p 00000000 00:00 0 
7f983a8d4000-7f983a8d5000 ---p 00000000 00:00 0 
7f983a8d5000-7f983a9da000 rw-p 00000000 00:00 0 
7f983a9da000-7f983aac0000 ---p 00000000 00:00 0 
7f983aac0000-7f983aad4000 rw-p 00000000 00:00 0 
7f983aad4000-7f983abab000 ---p 00000000 00:00 0 
7f983abab000-7f983abb0000 rw-p 00000000 00:00 0 
7f983abb0000-7f983abb7000 ---p 00000000 00:00 0 
7f983abb7000-7f983abb9000 r--p 00000000 08:05 786600                     /usr/lib/jvm/java-11-openjdk-amd64/lib/libzip.so
7f983abb9000-7f983abbe000 r-xp 00002000 08:05 786600                     /usr/lib/jvm/java-11-openjdk-amd64/lib/libzip.so
7f983abbe000-7f983abc0000 r--p 00007000 08:05 786600                     /usr/lib/jvm/java-11-openjdk-amd64/lib/libzip.so
7f983abc0000-7f983abc1000 r--p 00008000 08:05 786600                     /usr/lib/jvm/java-11-openjdk-amd64/lib/libzip.so
7f983abc1000-7f983abc2000 rw-p 00009000 08:05 786600                     /usr/lib/jvm/java-11-openjdk-amd64/lib/libzip.so
7f983abc2000-7f983abc5000 r--p 00000000 08:05 399266                     /usr/lib/x86_64-linux-gnu/libnss_files-2.31.so
7f983abc5000-7f983abcc000 r-xp 00003000 08:05 399266                     /usr/lib/x86_64-linux-gnu/libnss_files-2.31.so
7f983abcc000-7f983abce000 r--p 0000a000 08:05 399266                     /usr/lib/x86_64-linux-gnu/libnss_files-2.31.so
7f983abce000-7f983abcf000 r--p 0000b000 08:05 399266                     /usr/lib/x86_64-linux-gnu/libnss_files-2.31.so
7f983abcf000-7f983abd0000 rw-p 0000c000 08:05 399266                     /usr/lib/x86_64-linux-gnu/libnss_files-2.31.so
7f983abd0000-7f983abd6000 rw-p 00000000 00:00 0 
7f983abda000-7f983abdb000 r--p 00000000 08:05 400655                     /usr/lib/x86_64-linux-gnu/libnss_mdns4_minimal.so.2
7f983abdb000-7f983abdd000 r-xp 00001000 08:05 400655                     /usr/lib/x86_64-linux-gnu/libnss_mdns4_minimal.so.2
7f983abdd000-7f983abde000 r--p 00003000 08:05 400655                     /usr/lib/x86_64-linux-gnu/libnss_mdns4_minimal.so.2
7f983abde000-7f983abdf000 r--p 00003000 08:05 400655                     /usr/lib/x86_64-linux-gnu/libnss_mdns4_minimal.so.2
7f983abdf000-7f983abe0000 rw-p 00004000 08:05 400655                     /usr/lib/x86_64-linux-gnu/libnss_mdns4_minimal.so.2
7f983abe0000-7f983abe8000 rw-s 00000000 08:05 7602214                    /tmp/hsperfdata_gabo/10761
7f983abe8000-7f983abe9000 ---p 00000000 00:00 0 
7f983abe9000-7f983abea000 r--p 00000000 00:00 0 
7f983abea000-7f983abec000 r--p 00000000 08:05 786583                     /usr/lib/jvm/java-11-openjdk-amd64/lib/libjimage.so
7f983abec000-7f983abef000 r-xp 00002000 08:05 786583                     /usr/lib/jvm/java-11-openjdk-amd64/lib/libjimage.so
7f983abef000-7f983abf0000 r--p 00005000 08:05 786583                     /usr/lib/jvm/java-11-openjdk-amd64/lib/libjimage.so
7f983abf0000-7f983abf1000 ---p 00006000 08:05 786583                     /usr/lib/jvm/java-11-openjdk-amd64/lib/libjimage.so
7f983abf1000-7f983abf2000 r--p 00006000 08:05 786583                     /usr/lib/jvm/java-11-openjdk-amd64/lib/libjimage.so
7f983abf2000-7f983abf3000 rw-p 00007000 08:05 786583                     /usr/lib/jvm/java-11-openjdk-amd64/lib/libjimage.so
7f983abf3000-7f983ac01000 r--p 00000000 08:05 786580                     /usr/lib/jvm/java-11-openjdk-amd64/lib/libjava.so
7f983ac01000-7f983ac17000 r-xp 0000e000 08:05 786580                     /usr/lib/jvm/java-11-openjdk-amd64/lib/libjava.so
7f983ac17000-7f983ac1e000 r--p 00024000 08:05 786580                     /usr/lib/jvm/java-11-openjdk-amd64/lib/libjava.so
7f983ac1e000-7f983ac1f000 r--p 0002a000 08:05 786580                     /usr/lib/jvm/java-11-openjdk-amd64/lib/libjava.so
7f983ac1f000-7f983ac20000 rw-p 0002b000 08:05 786580                     /usr/lib/jvm/java-11-openjdk-amd64/lib/libjava.so
7f983ac20000-7f983ac21000 rw-p 00000000 00:00 0 
7f983ac21000-7f983ac23000 r--p 00000000 08:05 399306                     /usr/lib/x86_64-linux-gnu/librt-2.31.so
7f983ac23000-7f983ac27000 r-xp 00002000 08:05 399306                     /usr/lib/x86_64-linux-gnu/librt-2.31.so
7f983ac27000-7f983ac29000 r--p 00006000 08:05 399306                     /usr/lib/x86_64-linux-gnu/librt-2.31.so
7f983ac29000-7f983ac2a000 r--p 00007000 08:05 399306                     /usr/lib/x86_64-linux-gnu/librt-2.31.so
7f983ac2a000-7f983ac2b000 rw-p 00008000 08:05 399306                     /usr/lib/x86_64-linux-gnu/librt-2.31.so
7f983ac2b000-7f983ac2f000 ---p 00000000 00:00 0 
7f983ac2f000-7f983ad2c000 rw-p 00000000 00:00 0 
7f983ad2c000-7f983ad2f000 r--p 00000000 08:05 395193                     /usr/lib/x86_64-linux-gnu/libgcc_s.so.1
7f983ad2f000-7f983ad41000 r-xp 00003000 08:05 395193                     /usr/lib/x86_64-linux-gnu/libgcc_s.so.1
7f983ad41000-7f983ad45000 r--p 00015000 08:05 395193                     /usr/lib/x86_64-linux-gnu/libgcc_s.so.1
7f983ad45000-7f983ad46000 r--p 00018000 08:05 395193                     /usr/lib/x86_64-linux-gnu/libgcc_s.so.1
7f983ad46000-7f983ad47000 rw-p 00019000 08:05 395193                     /usr/lib/x86_64-linux-gnu/libgcc_s.so.1
7f983ad47000-7f983ad54000 r--p 00000000 08:05 397571                     /usr/lib/x86_64-linux-gnu/libm-2.31.so
7f983ad54000-7f983adfb000 r-xp 0000d000 08:05 397571                     /usr/lib/x86_64-linux-gnu/libm-2.31.so
7f983adfb000-7f983ae94000 r--p 000b4000 08:05 397571                     /usr/lib/x86_64-linux-gnu/libm-2.31.so
7f983ae94000-7f983ae95000 r--p 0014c000 08:05 397571                     /usr/lib/x86_64-linux-gnu/libm-2.31.so
7f983ae95000-7f983ae96000 rw-p 0014d000 08:05 397571                     /usr/lib/x86_64-linux-gnu/libm-2.31.so
7f983ae96000-7f983af2c000 r--p 00000000 08:05 395387                     /usr/lib/x86_64-linux-gnu/libstdc++.so.6.0.28
7f983af2c000-7f983b01d000 r-xp 00096000 08:05 395387                     /usr/lib/x86_64-linux-gnu/libstdc++.so.6.0.28
7f983b01d000-7f983b066000 r--p 00187000 08:05 395387                     /usr/lib/x86_64-linux-gnu/libstdc++.so.6.0.28
7f983b066000-7f983b067000 ---p 001d0000 08:05 395387                     /usr/lib/x86_64-linux-gnu/libstdc++.so.6.0.28
7f983b067000-7f983b072000 r--p 001d0000 08:05 395387                     /usr/lib/x86_64-linux-gnu/libstdc++.so.6.0.28
7f983b072000-7f983b075000 rw-p 001db000 08:05 395387                     /usr/lib/x86_64-linux-gnu/libstdc++.so.6.0.28
7f983b075000-7f983b078000 rw-p 00000000 00:00 0 
7f983b078000-7f983b2fb000 r--p 00000000 08:05 1185962                    /usr/lib/jvm/java-11-openjdk-amd64/lib/server/libjvm.so
7f983b2fb000-7f983bf89000 r-xp 00283000 08:05 1185962                    /usr/lib/jvm/java-11-openjdk-amd64/lib/server/libjvm.so
7f983bf89000-7f983c1eb000 r--p 00f11000 08:05 1185962                    /usr/lib/jvm/java-11-openjdk-amd64/lib/server/libjvm.so
7f983c1eb000-7f983c2af000 r--p 01172000 08:05 1185962                    /usr/lib/jvm/java-11-openjdk-amd64/lib/server/libjvm.so
7f983c2af000-7f983c2ea000 rw-p 01236000 08:05 1185962                    /usr/lib/jvm/java-11-openjdk-amd64/lib/server/libjvm.so
7f983c2ea000-7f983c343000 rw-p 00000000 00:00 0 
7f983c343000-7f983c365000 r--p 00000000 08:05 395186                     /usr/lib/x86_64-linux-gnu/libc-2.31.so
7f983c365000-7f983c4dd000 r-xp 00022000 08:05 395186                     /usr/lib/x86_64-linux-gnu/libc-2.31.so
7f983c4dd000-7f983c52b000 r--p 0019a000 08:05 395186                     /usr/lib/x86_64-linux-gnu/libc-2.31.so
7f983c52b000-7f983c52f000 r--p 001e7000 08:05 395186                     /usr/lib/x86_64-linux-gnu/libc-2.31.so
7f983c52f000-7f983c531000 rw-p 001eb000 08:05 395186                     /usr/lib/x86_64-linux-gnu/libc-2.31.so
7f983c531000-7f983c535000 rw-p 00000000 00:00 0 
7f983c535000-7f983c536000 r--p 00000000 08:05 395389                     /usr/lib/x86_64-linux-gnu/libdl-2.31.so
7f983c536000-7f983c538000 r-xp 00001000 08:05 395389                     /usr/lib/x86_64-linux-gnu/libdl-2.31.so
7f983c538000-7f983c539000 r--p 00003000 08:05 395389                     /usr/lib/x86_64-linux-gnu/libdl-2.31.so
7f983c539000-7f983c53a000 r--p 00003000 08:05 395389                     /usr/lib/x86_64-linux-gnu/libdl-2.31.so
7f983c53a000-7f983c53b000 rw-p 00004000 08:05 395389                     /usr/lib/x86_64-linux-gnu/libdl-2.31.so
7f983c53b000-7f983c53e000 r--p 00000000 08:05 786565                     /usr/lib/jvm/java-11-openjdk-amd64/lib/jli/libjli.so
7f983c53e000-7f983c548000 r-xp 00003000 08:05 786565                     /usr/lib/jvm/java-11-openjdk-amd64/lib/jli/libjli.so
7f983c548000-7f983c54b000 r--p 0000d000 08:05 786565                     /usr/lib/jvm/java-11-openjdk-amd64/lib/jli/libjli.so
7f983c54b000-7f983c54c000 ---p 00010000 08:05 786565                     /usr/lib/jvm/java-11-openjdk-amd64/lib/jli/libjli.so
7f983c54c000-7f983c54d000 r--p 00010000 08:05 786565                     /usr/lib/jvm/java-11-openjdk-amd64/lib/jli/libjli.so
7f983c54d000-7f983c54e000 rw-p 00011000 08:05 786565                     /usr/lib/jvm/java-11-openjdk-amd64/lib/jli/libjli.so
7f983c54e000-7f983c554000 r--p 00000000 08:05 399301                     /usr/lib/x86_64-linux-gnu/libpthread-2.31.so
7f983c554000-7f983c565000 r-xp 00006000 08:05 399301                     /usr/lib/x86_64-linux-gnu/libpthread-2.31.so
7f983c565000-7f983c56b000 r--p 00017000 08:05 399301                     /usr/lib/x86_64-linux-gnu/libpthread-2.31.so
7f983c56b000-7f983c56c000 r--p 0001c000 08:05 399301                     /usr/lib/x86_64-linux-gnu/libpthread-2.31.so
7f983c56c000-7f983c56d000 rw-p 0001d000 08:05 399301                     /usr/lib/x86_64-linux-gnu/libpthread-2.31.so
7f983c56d000-7f983c571000 rw-p 00000000 00:00 0 
7f983c571000-7f983c573000 r--p 00000000 08:05 393410                     /usr/lib/x86_64-linux-gnu/libz.so.1.2.11
7f983c573000-7f983c584000 r-xp 00002000 08:05 393410                     /usr/lib/x86_64-linux-gnu/libz.so.1.2.11
7f983c584000-7f983c58a000 r--p 00013000 08:05 393410                     /usr/lib/x86_64-linux-gnu/libz.so.1.2.11
7f983c58a000-7f983c58b000 ---p 00019000 08:05 393410                     /usr/lib/x86_64-linux-gnu/libz.so.1.2.11
7f983c58b000-7f983c58c000 r--p 00019000 08:05 393410                     /usr/lib/x86_64-linux-gnu/libz.so.1.2.11
7f983c58c000-7f983c58d000 rw-p 0001a000 08:05 393410                     /usr/lib/x86_64-linux-gnu/libz.so.1.2.11
7f983c58d000-7f983c592000 r--p 00000000 08:05 786599                     /usr/lib/jvm/java-11-openjdk-amd64/lib/libverify.so
7f983c592000-7f983c599000 r-xp 00005000 08:05 786599                     /usr/lib/jvm/java-11-openjdk-amd64/lib/libverify.so
7f983c599000-7f983c59b000 r--p 0000c000 08:05 786599                     /usr/lib/jvm/java-11-openjdk-amd64/lib/libverify.so
7f983c59b000-7f983c59c000 ---p 0000e000 08:05 786599                     /usr/lib/jvm/java-11-openjdk-amd64/lib/libverify.so
7f983c59c000-7f983c59e000 r--p 0000e000 08:05 786599                     /usr/lib/jvm/java-11-openjdk-amd64/lib/libverify.so
7f983c59e000-7f983c59f000 rw-p 00010000 08:05 786599                     /usr/lib/jvm/java-11-openjdk-amd64/lib/libverify.so
7f983c59f000-7f983c5a1000 rw-p 00000000 00:00 0 
7f983c5a1000-7f983c5a2000 r--p 00000000 08:05 393617                     /usr/lib/x86_64-linux-gnu/ld-2.31.so
7f983c5a2000-7f983c5c5000 r-xp 00001000 08:05 393617                     /usr/lib/x86_64-linux-gnu/ld-2.31.so
7f983c5c5000-7f983c5cd000 r--p 00024000 08:05 393617                     /usr/lib/x86_64-linux-gnu/ld-2.31.so
7f983c5ce000-7f983c5cf000 r--p 0002c000 08:05 393617                     /usr/lib/x86_64-linux-gnu/ld-2.31.so
7f983c5cf000-7f983c5d0000 rw-p 0002d000 08:05 393617                     /usr/lib/x86_64-linux-gnu/ld-2.31.so
7f983c5d0000-7f983c5d1000 rw-p 00000000 00:00 0 
7fff995a5000-7fff995c6000 rw-p 00000000 00:00 0                          [stack]
7fff995e6000-7fff995ea000 r--p 00000000 00:00 0                          [vvar]
7fff995ea000-7fff995ec000 r-xp 00000000 00:00 0                          [vdso]
ffffffffff600000-ffffffffff601000 --xp 00000000 00:00 0                  [vsyscall]


VM Arguments:
jvm_args: -Dclassworlds.conf=/usr/share/maven/bin/m2.conf -Dmaven.home=/usr/share/maven -Dlibrary.jansi.path=/usr/share/maven/lib/jansi-native -Dmaven.multiModuleProjectDirectory=/home/gabo/workspace/security-techniques-in-software-sevelopment/jazzer-example/DivisionExample 
java_command: org.codehaus.plexus.classworlds.launcher.Launcher clean test
java_class_path (initial): /usr/share/maven/boot/plexus-classworlds-2.x.jar
Launcher Type: SUN_STANDARD

[Global flags]
     intx CICompilerCount                          = 3                                         {product} {ergonomic}
     uint ConcGCThreads                            = 1                                         {product} {ergonomic}
     uint G1ConcRefinementThreads                  = 4                                         {product} {ergonomic}
   size_t G1HeapRegionSize                         = 1048576                                   {product} {ergonomic}
    uintx GCDrainStackTargetSize                   = 64                                        {product} {ergonomic}
   size_t InitialHeapSize                          = 62914560                                  {product} {ergonomic}
   size_t MarkStackSize                            = 4194304                                   {product} {ergonomic}
   size_t MaxHeapSize                              = 994050048                                 {product} {ergonomic}
   size_t MaxNewSize                               = 595591168                                 {product} {ergonomic}
   size_t MinHeapDeltaBytes                        = 1048576                                   {product} {ergonomic}
    uintx NonNMethodCodeHeapSize                   = 5830732                                {pd product} {ergonomic}
    uintx NonProfiledCodeHeapSize                  = 122913754                              {pd product} {ergonomic}
    uintx ProfiledCodeHeapSize                     = 122913754                              {pd product} {ergonomic}
    uintx ReservedCodeCacheSize                    = 251658240                              {pd product} {ergonomic}
     bool SegmentedCodeCache                       = true                                      {product} {ergonomic}
     bool UseCompressedClassPointers               = true                                 {lp64_product} {ergonomic}
     bool UseCompressedOops                        = true                                 {lp64_product} {ergonomic}
     bool UseG1GC                                  = true                                      {product} {ergonomic}

Logging:
Log output configuration:
 #0: stdout all=warning uptime,level,tags
 #1: stderr all=off uptime,level,tags

Environment Variables:
PATH=/sbin:/bin:/usr/bin:/usr/local/bin:/snap/bin
SHELL=/bin/bash
DISPLAY=:10.0
LANG=es_ES.UTF-8
TERM=xterm-256color

Signal Handlers:
SIGSEGV: [libjvm.so+0xe9e0c0], sa_mask[0]=11111111011111111101111111111110, sa_flags=SA_RESTART|SA_SIGINFO
SIGBUS: [libjvm.so+0xe9e0c0], sa_mask[0]=11111111011111111101111111111110, sa_flags=SA_RESTART|SA_SIGINFO
SIGFPE: [libjvm.so+0xe9e0c0], sa_mask[0]=11111111011111111101111111111110, sa_flags=SA_RESTART|SA_SIGINFO
SIGPIPE: [libjvm.so+0xbe5660], sa_mask[0]=11111111011111111101111111111110, sa_flags=SA_RESTART|SA_SIGINFO
SIGXFSZ: [libjvm.so+0xbe5660], sa_mask[0]=11111111011111111101111111111110, sa_flags=SA_RESTART|SA_SIGINFO
SIGILL: [libjvm.so+0xe9e0c0], sa_mask[0]=11111111011111111101111111111110, sa_flags=SA_RESTART|SA_SIGINFO
SIGUSR2: [libjvm.so+0xbe5500], sa_mask[0]=00000000000000000000000000000000, sa_flags=SA_RESTART|SA_SIGINFO
SIGHUP: [libjvm.so+0xbe5cc0], sa_mask[0]=11111111011111111101111111111110, sa_flags=SA_RESTART|SA_SIGINFO
SIGINT: [libjvm.so+0xbe5cc0], sa_mask[0]=11111111011111111101111111111110, sa_flags=SA_RESTART|SA_SIGINFO
SIGTERM: [libjvm.so+0xbe5cc0], sa_mask[0]=11111111011111111101111111111110, sa_flags=SA_RESTART|SA_SIGINFO
SIGQUIT: [libjvm.so+0xbe5cc0], sa_mask[0]=11111111011111111101111111111110, sa_flags=SA_RESTART|SA_SIGINFO


---------------  S Y S T E M  ---------------

OS:DISTRIB_ID=Ubuntu
DISTRIB_RELEASE=20.04
DISTRIB_CODENAME=focal
DISTRIB_DESCRIPTION="Ubuntu 20.04.6 LTS"
uname:Linux 5.15.0-122-generic #132~20.04.1-Ubuntu SMP Fri Aug 30 15:50:07 UTC 2024 x86_64
OS uptime: 0 days 1:59 hours
libc:glibc 2.31 NPTL 2.31 
rlimit (soft/hard): STACK 8192k/infinity , CORE 0k/infinity , NPROC 14793/14793 , NOFILE 1048576/1048576 , AS infinity/infinity , CPU infinity/infinity , DATA infinity/infinity , FSIZE infinity/infinity , MEMLOCK 65536k/65536k
load average:2,11 2,08 1,33

/proc/meminfo:
MemTotal:        3881428 kB
MemFree:         1321012 kB
MemAvailable:    2096856 kB
Buffers:           30496 kB
Cached:          1008924 kB
SwapCached:        27660 kB
Active:           955072 kB
Inactive:        1261328 kB
Active(anon):     558324 kB
Inactive(anon):   733328 kB
Active(file):     396748 kB
Inactive(file):   528000 kB
Unevictable:        5208 kB
Mlocked:               0 kB
SwapTotal:       2097148 kB
SwapFree:        1448188 kB
Dirty:               880 kB
Writeback:             0 kB
AnonPages:       1169664 kB
Mapped:           351012 kB
Shmem:            114668 kB
KReclaimable:     112288 kB
Slab:             220136 kB
SReclaimable:     112288 kB
SUnreclaim:       107848 kB
KernelStack:       14208 kB
PageTables:        29340 kB
NFS_Unstable:          0 kB
Bounce:                0 kB
WritebackTmp:          0 kB
CommitLimit:     4037860 kB
Committed_AS:    7426536 kB
VmallocTotal:   34359738367 kB
VmallocUsed:       40212 kB
VmallocChunk:          0 kB
Percpu:             7712 kB
HardwareCorrupted:     0 kB
AnonHugePages:         0 kB
ShmemHugePages:        0 kB
ShmemPmdMapped:        0 kB
FileHugePages:         0 kB
FilePmdMapped:         0 kB
HugePages_Total:       0
HugePages_Free:        0
HugePages_Rsvd:        0
HugePages_Surp:        0
Hugepagesize:       2048 kB
Hugetlb:               0 kB
DirectMap4k:      298816 kB
DirectMap2M:     3772416 kB

/sys/kernel/mm/transparent_hugepage/enabled:
always [madvise] never
/sys/kernel/mm/transparent_hugepage/defrag (defrag/compaction efforts parameter):
always defer defer+madvise [madvise] never

Process Memory:
Virtual Size: 4084832K (peak: 12357060K)
Resident Set Size: 179708K (peak: 179708K) (anon: 150100K, file: 29608K, shmem: 0K)
Swapped out: 0K
C-Heap outstanding allocations: 42088K, retained: 12459K
glibc malloc tunables: (default)

/proc/sys/kernel/threads-max (system-wide limit on the number of threads):
29587
/proc/sys/vm/max_map_count (maximum number of memory map areas a process may have):
65530
/proc/sys/kernel/pid_max (system-wide limit on number of process identifiers):
4194304

container (cgroup) information:
container_type: cgroupv1
cpu_cpuset_cpus: 0-3
cpu_memory_nodes: 0
active_processor_count: 4
cpu_quota: no quota
cpu_period: 100000
cpu_shares: no shares
memory_limit_in_bytes: unlimited
memory_and_swap_limit_in_bytes: unlimited
memory_soft_limit_in_bytes: unlimited
memory_usage_in_bytes: 1798424 k
memory_max_usage_in_bytes: 3016428 k
kernel_memory_usage_in_bytes: 101268 k
kernel_memory_max_usage_in_bytes: unlimited
kernel_memory_limit_in_bytes: 108608 k
maximum number of tasks: unlimited
current number of tasks: 539

Steal ticks since vm start: 0
Steal ticks percentage since vm start:  0,000

CPU:total 4 (initial active 4) (2 cores per cpu, 2 threads per core) family 6 model 42 stepping 7 microcode 0x2f, cmov, cx8, fxsr, mmx, sse, sse2, sse3, ssse3, sse4.1, sse4.2, popcnt, avx, aes, clmul, ht, tsc, tscinvbit
CPU Model and flags from /proc/cpuinfo:
model name	: Intel(R) Core(TM) i5-2520M CPU @ 2.50GHz
flags		: fpu vme de pse tsc msr pae mce cx8 apic sep mtrr pge mca cmov pat pse36 clflush dts acpi mmx fxsr sse sse2 ht tm pbe syscall nx rdtscp lm constant_tsc arch_perfmon pebs bts rep_good nopl xtopology nonstop_tsc cpuid aperfmperf pni pclmulqdq dtes64 monitor ds_cpl vmx smx est tm2 ssse3 cx16 xtpr pdcm pcid sse4_1 sse4_2 x2apic popcnt tsc_deadline_timer aes xsave avx lahf_lm epb pti ssbd ibrs ibpb stibp tpr_shadow vnmi flexpriority ept vpid xsaveopt dtherm ida arat pln pts md_clear flush_l1d
Online cpus:
0-3
Offline cpus:
4-7
BIOS frequency limitation:
<Not Available>
Frequency switch latency (ns):
20000
Available cpu frequencies:
<Not Available>
Current governor:
ondemand
Core performance/turbo boost:
<Not Available>

Memory: 4k page, physical 3881428k(1321012k free), swap 2097148k(1448188k free)

vm_info: OpenJDK 64-Bit Server VM (11.0.24+8-post-Ubuntu-1ubuntu320.04) for linux-amd64 JRE (11.0.24+8-post-Ubuntu-1ubuntu320.04), built on Jul 21 2024 21:18:04 by "unknown" with gcc 10.5.0

END.
